#
# There is insufficient memory for the Java Runtime Environment to continue.
# Native memory allocation (mmap) failed to map 536870912 bytes for G1 virtual space
# Possible reasons:
#   The system is out of physical RAM or swap space
#   The process is running with CompressedOops enabled, and the Java Heap may be blocking the growth of the native heap
# Possible solutions:
#   Reduce memory load on the system
#   Increase physical memory or swap space
#   Check if swap backing store is full
#   Decrease Java heap size (-Xmx/-Xms)
#   Decrease number of Java threads
#   Decrease Java thread stack sizes (-Xss)
#   Set larger code cache with -XX:ReservedCodeCacheSize=
#   JVM is running with Zero Based Compressed Oops mode in which the Java heap is
#     placed in the first 32GB address space. The Java Heap base address is the
#     maximum limit for the native heap growth. Please use -XX:HeapBaseMinAddress
#     to set the Java Heap base and to place the Java Heap above 32GB virtual address.
# This output file may be truncated or incomplete.
#
#  Out of Memory Error (os_windows.cpp:3617), pid=28448, tid=28408
#
# JRE version:  (17.0.8.1+8) (build )
# Java VM: OpenJDK 64-Bit Server VM (17.0.8.1+8-LTS, mixed mode, emulated-client, sharing, tiered, compressed oops, compressed class ptrs, g1 gc, windows-amd64)
# No core dump will be written. Minidumps are not enabled by default on client versions of Windows
#

---------------  S U M M A R Y ------------

Command Line: -agentlib:jdwp=transport=dt_socket,address=127.0.0.1:50590,suspend=y,server=n -XX:TieredStopAtLevel=1 -Dspring.output.ansi.enabled=always -Dcom.sun.management.jmxremote -Dspring.jmx.enabled=true -Dspring.liveBeansView.mbeanDomain -Dspring.application.admin.enabled=true -Dmanagement.endpoints.jmx.exposure.include=* -javaagent:C:\Users\morning\AppData\Local\JetBrains\IntelliJIdea2024.1\captureAgent\debugger-agent.jar=file:/C:/Users/morning/AppData/Local/Temp/capture2.props -Dfile.encoding=UTF-8 com.morning.taskapimain.TaskApiMainApplication

Host: 11th Gen Intel(R) Core(TM) i5-11400F @ 2.60GHz, 12 cores, 31G,  Windows 10 , 64 bit Build 19041 (10.0.19041.5438)
Time: Tue Mar  4 19:49:21 2025 RTZ 2 (s 10 , 64 bit Build 19041 (10.0.19041.5438) elapsed time: 0.025708 seconds (0d 0h 0m 0s)

---------------  T H R E A D  ---------------

Current thread (0x0000022312cd88c0):  JavaThread "Unknown thread" [_thread_in_vm, id=28408, stack(0x000000b894100000,0x000000b894200000)]

Stack: [0x000000b894100000,0x000000b894200000]
Native frames: (J=compiled Java code, j=interpreted, Vv=VM code, C=native code)
V  [jvm.dll+0x64c9da]
V  [jvm.dll+0x800834]
V  [jvm.dll+0x801fee]
V  [jvm.dll+0x802643]
V  [jvm.dll+0x23715b]
V  [jvm.dll+0x64977a]
V  [jvm.dll+0x63e1ca]
V  [jvm.dll+0x2f5e99]
V  [jvm.dll+0x2fd096]
V  [jvm.dll+0x349b7a]
V  [jvm.dll+0x349dbf]
V  [jvm.dll+0x2cc0d8]
V  [jvm.dll+0x2cd069]
V  [jvm.dll+0x7d4491]
V  [jvm.dll+0x357051]
V  [jvm.dll+0x7b485e]
V  [jvm.dll+0x3d45f3]
V  [jvm.dll+0x3d6041]
C  [jli.dll+0x51bf]
C  [ucrtbase.dll+0x21bb2]
C  [KERNEL32.DLL+0x17374]
C  [ntdll.dll+0x4cc91]


---------------  P R O C E S S  ---------------

Threads class SMR info:
_java_thread_list=0x00007ffb154df898, length=0, elements={
}

Java Threads: ( => current thread )

Other Threads:
  0x0000022330a80d10 GCTaskThread "GC Thread#0" [stack: 0x000000b894200000,0x000000b894300000] [id=26384]
  0x0000022312d54b30 ConcurrentGCThread "G1 Main Marker" [stack: 0x000000b894300000,0x000000b894400000] [id=19064]
  0x0000022312d56550 ConcurrentGCThread "G1 Conc#0" [stack: 0x000000b894400000,0x000000b894500000] [id=5376]

[error occurred during error reporting (printing all threads), id 0xc0000005, EXCEPTION_ACCESS_VIOLATION (0xc0000005) at pc=0x00007ffb14ccd377]

VM state: not at safepoint (not fully initialized)

VM Mutex/Monitor currently owned by a thread:  ([mutex/lock_event])
[0x0000022312cd4bd0] Heap_lock - owner thread: 0x0000022312cd88c0

Heap address: 0x0000000602000000, size: 8160 MB, Compressed Oops mode: Zero based, Oop shift amount: 3

CDS archive(s) mapped at: [0x0000000000000000-0x0000000000000000-0x0000000000000000), size 0, SharedBaseAddress: 0x0000000800000000, ArchiveRelocationMode: 1.
Narrow klass base: 0x0000000000000000, Narrow klass shift: 0, Narrow klass range: 0x0

GC Precious Log:
<Empty>

Heap:
 garbage-first heap   total 0K, used 0K [0x0000000602000000, 0x0000000800000000)
  region size 4096K, 0 young (0K), 0 survivors (0K)

[error occurred during error reporting (printing heap information), id 0xc0000005, EXCEPTION_ACCESS_VIOLATION (0xc0000005) at pc=0x00007ffb15094bd9]

GC Heap History (0 events):
No events

Dll operation events (2 events):
Event: 0.020 Loaded shared library C:\Users\morning\.jdks\corretto-17.0.8.1\bin\java.dll
Event: 0.020 Loaded shared library C:\Users\morning\.jdks\corretto-17.0.8.1\bin\zip.dll

Deoptimization events (0 events):
No events

Classes unloaded (0 events):
No events

Classes redefined (0 events):
No events

Internal exceptions (0 events):
No events

VM Operations (0 events):
No events

Events (0 events):
No events


Dynamic libraries:
0x00007ff66c9e0000 - 0x00007ff66c9ed000 	C:\Users\morning\.jdks\corretto-17.0.8.1\bin\java.exe
0x00007ffb8e930000 - 0x00007ffb8eb28000 	C:\Windows\SYSTEM32\ntdll.dll
0x00007ffb8ca00000 - 0x00007ffb8cac2000 	C:\Windows\System32\KERNEL32.DLL
0x00007ffb8c420000 - 0x00007ffb8c71f000 	C:\Windows\System32\KERNELBASE.dll
0x00007ffb8c270000 - 0x00007ffb8c370000 	C:\Windows\System32\ucrtbase.dll
0x00007ffb76ed0000 - 0x00007ffb76ee7000 	C:\Users\morning\.jdks\corretto-17.0.8.1\bin\jli.dll
0x00007ffb65710000 - 0x00007ffb65725000 	C:\Users\morning\.jdks\corretto-17.0.8.1\bin\VCRUNTIME140.dll
0x00007ffb8e730000 - 0x00007ffb8e8cd000 	C:\Windows\System32\USER32.dll
0x00007ffb8c240000 - 0x00007ffb8c262000 	C:\Windows\System32\win32u.dll
0x00007ffb77420000 - 0x00007ffb776ba000 	C:\Windows\WinSxS\amd64_microsoft.windows.common-controls_6595b64144ccf1df_6.0.19041.4355_none_60b8b9eb71f62e16\COMCTL32.dll
0x00007ffb8e700000 - 0x00007ffb8e72b000 	C:\Windows\System32\GDI32.dll
0x00007ffb8d300000 - 0x00007ffb8d39e000 	C:\Windows\System32\msvcrt.dll
0x00007ffb8c830000 - 0x00007ffb8c94a000 	C:\Windows\System32\gdi32full.dll
0x00007ffb8c790000 - 0x00007ffb8c82d000 	C:\Windows\System32\msvcp_win.dll
0x00007ffb8d0c0000 - 0x00007ffb8d0ef000 	C:\Windows\System32\IMM32.DLL
0x00007ffb54800000 - 0x00007ffb5489b000 	C:\Users\morning\.jdks\corretto-17.0.8.1\bin\msvcp140.dll
0x00007ffb149f0000 - 0x00007ffb1560d000 	C:\Users\morning\.jdks\corretto-17.0.8.1\bin\server\jvm.dll
0x00007ffb8e2d0000 - 0x00007ffb8e37f000 	C:\Windows\System32\ADVAPI32.dll
0x00007ffb8d020000 - 0x00007ffb8d0bf000 	C:\Windows\System32\sechost.dll
0x00007ffb8d550000 - 0x00007ffb8d673000 	C:\Windows\System32\RPCRT4.dll
0x00007ffb8c210000 - 0x00007ffb8c237000 	C:\Windows\System32\bcrypt.dll
0x00007ffb8ba50000 - 0x00007ffb8ba9b000 	C:\Windows\SYSTEM32\POWRPROF.dll
0x00007ffb6e6c0000 - 0x00007ffb6e6c9000 	C:\Windows\SYSTEM32\WSOCK32.dll
0x00007ffb819d0000 - 0x00007ffb819f7000 	C:\Windows\SYSTEM32\WINMM.dll
0x00007ffb86460000 - 0x00007ffb8646a000 	C:\Windows\SYSTEM32\VERSION.dll
0x00007ffb8d480000 - 0x00007ffb8d4eb000 	C:\Windows\System32\WS2_32.dll
0x00007ffb8ba00000 - 0x00007ffb8ba12000 	C:\Windows\SYSTEM32\UMPDC.dll
0x00007ffb89e30000 - 0x00007ffb89e42000 	C:\Windows\SYSTEM32\kernel.appcore.dll
0x00007ffb884f0000 - 0x00007ffb884fa000 	C:\Users\morning\.jdks\corretto-17.0.8.1\bin\jimage.dll
0x00007ffb7f990000 - 0x00007ffb7fb74000 	C:\Windows\SYSTEM32\DBGHELP.DLL
0x00007ffb71380000 - 0x00007ffb713b4000 	C:\Windows\SYSTEM32\dbgcore.DLL
0x00007ffb8c130000 - 0x00007ffb8c1b2000 	C:\Windows\System32\bcryptPrimitives.dll
0x00007ffb67260000 - 0x00007ffb67299000 	C:\Users\morning\.jdks\corretto-17.0.8.1\bin\jdwp.dll
0x00007ffb85410000 - 0x00007ffb8541e000 	C:\Users\morning\.jdks\corretto-17.0.8.1\bin\instrument.dll
0x00007ffb656e0000 - 0x00007ffb65705000 	C:\Users\morning\.jdks\corretto-17.0.8.1\bin\java.dll
0x00007ffb5cd80000 - 0x00007ffb5cd98000 	C:\Users\morning\.jdks\corretto-17.0.8.1\bin\zip.dll

dbghelp: loaded successfully - version: 4.0.5 - missing functions: none
symbol engine: initialized successfully - sym options: 0x614 - pdb path: .;C:\Users\morning\.jdks\corretto-17.0.8.1\bin;C:\Windows\SYSTEM32;C:\Windows\WinSxS\amd64_microsoft.windows.common-controls_6595b64144ccf1df_6.0.19041.4355_none_60b8b9eb71f62e16;C:\Users\morning\.jdks\corretto-17.0.8.1\bin\server

VM Arguments:
jvm_args: -agentlib:jdwp=transport=dt_socket,address=127.0.0.1:50590,suspend=y,server=n -XX:TieredStopAtLevel=1 -Dspring.output.ansi.enabled=always -Dcom.sun.management.jmxremote -Dspring.jmx.enabled=true -Dspring.liveBeansView.mbeanDomain -Dspring.application.admin.enabled=true -Dmanagement.endpoints.jmx.exposure.include=* -javaagent:C:\Users\morning\AppData\Local\JetBrains\IntelliJIdea2024.1\captureAgent\debugger-agent.jar=file:/C:/Users/morning/AppData/Local/Temp/capture2.props -Dfile.encoding=UTF-8 
java_command: com.morning.taskapimain.TaskApiMainApplication
java_class_path (initial): D:\MySpace\task-tracker\task-tracker\task-api-main\build\classes\java\main;D:\MySpace\task-tracker\task-tracker\task-api-main\build\resources\main;C:\Users\morning\.gradle\caches\modules-2\files-2.1\org.projectlombok\lombok\1.18.30\f195ee86e6c896ea47a1d39defbe20eb59cd149d\lombok-1.18.30.jar;C:\Users\morning\.gradle\caches\modules-2\files-2.1\org.springframework.boot\spring-boot-starter-webflux\3.1.10\586af591bef2a20f4148dfc036058c9e90c7291\spring-boot-starter-webflux-3.1.10.jar;C:\Users\morning\.gradle\caches\modules-2\files-2.1\org.springframework.session\spring-session-core\3.1.5\f2aff13edb15ad1315a9a6600fd40aa537450a12\spring-session-core-3.1.5.jar;C:\Users\morning\.gradle\caches\modules-2\files-2.1\org.springframework.boot\spring-boot-starter-data-r2dbc\3.1.10\3a1853511edb20c140e55586d855edc5fb784cc3\spring-boot-starter-data-r2dbc-3.1.10.jar;C:\Users\morning\.gradle\caches\modules-2\files-2.1\org.springframework.cloud\spring-cloud-starter-netflix-eureka-client\4.0.3\1fec6bc9b32b31ab319402173fc67d4bda30adc1\spring-cloud-starter-netflix-eureka-client-4.0.3.jar;C:\Users\morning\.gradle\caches\modules-2\files-2.1\org.postgresql\r2dbc-postgresql\1.0.7.RELEASE\d6283b1fda43ef0078c7a3cd5db0fed5b0b5ac8c\r2dbc-postgresql-1.0.7.RELEASE.jar;C:\Users\morning\.gradle\caches\modules-2\files-2.1\org.postgresql\postgresql\42.7.2\86ed42574cd68662b05d3b00432a34e9a34cb12c\postgresql-42.7.2.jar;C:\Users\morning\.gradle\caches\modules-2\files-2.1\org.flywaydb\flyway-core\9.17.0\be603e51d61b58cfd5b958f8cf126301dec3139e\flyway-core-9.17.0.jar;C:\Users\morning\.gradle\caches\modules-2\files-2.1\com.google.code.findbugs\jsr305\3.0.2\25ea2e8b0c338a877313bd4672d3fe056ea78f0d\jsr305-3.0.2.jar;C:\Users\morning\.gradle\caches\modules-2\files-2.1\org.mapstruct\mapstruct\1.5.5.Final\2ca3cbe39b6e9ea8d5ea521965a89bef2a1e8eeb\mapstruct-1.5.5.Final.jar;C:\Users\morning\.gradle\caches\modules-2\files-2.1\jakarta.persistence\jakarta.persistence-api\3.1.0\66901fa1c373c6aff
Launcher Type: SUN_STANDARD

[Global flags]
     intx CICompilerCount                          = 4                                         {product} {ergonomic}
     uint ConcGCThreads                            = 3                                         {product} {ergonomic}
     uint G1ConcRefinementThreads                  = 10                                        {product} {ergonomic}
   size_t G1HeapRegionSize                         = 4194304                                   {product} {ergonomic}
    uintx GCDrainStackTargetSize                   = 64                                        {product} {ergonomic}
   size_t InitialHeapSize                          = 536870912                                 {product} {ergonomic}
     bool ManagementServer                         = true                                      {product} {command line}
   size_t MarkStackSize                            = 4194304                                   {product} {ergonomic}
   size_t MaxHeapSize                              = 8556380160                                {product} {ergonomic}
   size_t MinHeapDeltaBytes                        = 4194304                                   {product} {ergonomic}
   size_t MinHeapSize                              = 8388608                                   {product} {ergonomic}
    uintx NonProfiledCodeHeapSize                  = 0                                      {pd product} {ergonomic}
     bool ProfileInterpreter                       = false                                  {pd product} {command line}
    uintx ProfiledCodeHeapSize                     = 0                                      {pd product} {ergonomic}
   size_t SoftMaxHeapSize                          = 8556380160                             {manageable} {ergonomic}
     intx TieredStopAtLevel                        = 1                                         {product} {command line}
     bool UseCompressedClassPointers               = true                           {product lp64_product} {ergonomic}
     bool UseCompressedOops                        = true                           {product lp64_product} {ergonomic}
     bool UseG1GC                                  = true                                      {product} {ergonomic}
     bool UseLargePagesIndividualAllocation        = false                                  {pd product} {ergonomic}

Logging:
Log output configuration:
 #0: stdout all=warning uptime,level,tags
 #1: stderr all=off uptime,level,tags

Environment Variables:
JAVA_HOME=C:\Users\morning\.jdks\corretto-19.0.2
PATH=C:\Python313\Scripts\;C:\Python313\;C:\tools;C:\Program Files\Common Files\Oracle\Java\javapath;C:\Windows\system32;C:\Windows;C:\Windows\System32\Wbem;C:\Windows\System32\WindowsPowerShell\v1.0\;C:\Windows\System32\OpenSSH\;C:\Program Files (x86)\NVIDIA Corporation\PhysX\Common;C:\Program Files\Microsoft SQL Server\150\Tools\Binn\;C:\Program Files\Git\cmd;C:\Program Files\dotnet\;C:\Program Files\maven\apache-maven-3.9.9\bin;C:\Users\morning\.jdks\corretto-19.0.2\bin;C:\Program Files\Docker\Docker\resources\bin;D:\Gradle\gradle-8.1.1\bin;C:\Users\morning\.jdks\corretto-19.0.2;C:\Program Files\Kubernetes\Minikube;C:\ProgramData\chocolatey\bin;C:\Program Files\nodejs\;C:\tools;C:\Users\Profit77\AppData\Local\Programs\Python\Python310\Scripts\;C:\Users\Profit77\AppData\Local\Programs\Python\Python310\;C:\Users\morning\AppData\Local\Microsoft\WindowsApps;C:\Users\morning\.dotnet\tools;D:\IDE\IntelliJ IDEA Community Edition 2022.2.1\bin;;C:\Users\morning\AppData\Local\Programs\Microsoft VS Code\bin;C:\Program Files\JetBrains\PyCharm Community Edition 2022.2.4\bin;;C:\Program Files\JetBrains\IntelliJ IDEA 2024.1.4\bin;;D:\IDE\WebStorm 2023.2.2\bin;;C:\Program Files\maven\apache-maven-3.9.9\bin;C:\Users\morning\AppData\Local\Microsoft\WinGet\Packages\Schniz.fnm_Microsoft.Winget.Source_8wekyb3d8bbwe;C:\Users\morning\AppData\Roaming\npm
USERNAME=morning
OS=Windows_NT
PROCESSOR_IDENTIFIER=Intel64 Family 6 Model 167 Stepping 1, GenuineIntel
TMP=C:\Users\morning\AppData\Local\Temp
TEMP=C:\Users\morning\AppData\Local\Temp



---------------  S Y S T E M  ---------------

OS:
 Windows 10 , 64 bit Build 19041 (10.0.19041.5438)
OS uptime: 15 days 21:47 hours
Hyper-V role detected

CPU: total 12 (initial active 12) (6 cores per cpu, 2 threads per core) family 6 model 167 stepping 1 microcode 0x40, cx8, cmov, fxsr, ht, mmx, 3dnowpref, sse, sse2, sse3, ssse3, sse4.1, sse4.2, popcnt, lzcnt, tsc, tscinvbit, avx, avx2, aes, erms, clmul, bmi1, bmi2, adx, avx512f, avx512dq, avx512cd, avx512bw, avx512vl, sha, fma, vzeroupper, avx512_vpopcntdq, avx512_vpclmulqdq, avx512_vaes, avx512_vnni, clflush, clflushopt, avx512_vbmi2, avx512_vbmi, hv
Processor Information for all 12 processors :
  Max Mhz: 2592, Current Mhz: 2592, Mhz Limit: 2592

Memory: 4k page, system-wide physical 32635M (11208M free)
TotalPageFile size 35562M (AvailPageFile size 510M)
current process WorkingSet (physical memory assigned to process): 11M, peak: 11M
current process commit charge ("private bytes"): 60M, peak: 571M

vm_info: OpenJDK 64-Bit Server VM (17.0.8.1+8-LTS) for windows-amd64 JRE (17.0.8.1+8-LTS), built on Aug 19 2023 03:47:39 by "Administrator" with MS VC++ 15.9 (VS2017)

END.
