#
# There is insufficient memory for the Java Runtime Environment to continue.
# Native memory allocation (mmap) failed to map 65536 bytes for Failed to commit metaspace.
# Possible reasons:
#   The system is out of physical RAM or swap space
#   The process is running with CompressedOops enabled, and the Java Heap may be blocking the growth of the native heap
# Possible solutions:
#   Reduce memory load on the system
#   Increase physical memory or swap space
#   Check if swap backing store is full
#   Decrease Java heap size (-Xmx/-Xms)
#   Decrease number of Java threads
#   Decrease Java thread stack sizes (-Xss)
#   Set larger code cache with -XX:ReservedCodeCacheSize=
#   JVM is running with Zero Based Compressed Oops mode in which the Java heap is
#     placed in the first 32GB address space. The Java Heap base address is the
#     maximum limit for the native heap growth. Please use -XX:HeapBaseMinAddress
#     to set the Java Heap base and to place the Java Heap above 32GB virtual address.
# This output file may be truncated or incomplete.
#
#  Out of Memory Error (virtualSpaceNode.cpp:110), pid=20376, tid=5508
#
# JRE version: OpenJDK Runtime Environment Corretto-17.0.8.8.1 (17.0.8.1+8) (build 17.0.8.1+8-LTS)
# Java VM: OpenJDK 64-Bit Server VM Corretto-17.0.8.8.1 (17.0.8.1+8-LTS, mixed mode, emulated-client, sharing, tiered, compressed oops, compressed class ptrs, g1 gc, windows-amd64)
# No core dump will be written. Minidumps are not enabled by default on client versions of Windows
#

---------------  S U M M A R Y ------------

Command Line: -agentlib:jdwp=transport=dt_socket,address=127.0.0.1:49792,suspend=y,server=n -XX:TieredStopAtLevel=1 -Dspring.output.ansi.enabled=always -Dcom.sun.management.jmxremote -Dspring.jmx.enabled=true -Dspring.liveBeansView.mbeanDomain -Dspring.application.admin.enabled=true -Dmanagement.endpoints.jmx.exposure.include=* -javaagent:C:\Users\morning\AppData\Local\JetBrains\IntelliJIdea2024.1\captureAgent\debugger-agent.jar=file:/C:/Users/morning/AppData/Local/Temp/capture.props -Dfile.encoding=UTF-8 com.morning.apigateway.ApiGatewayApplication

Host: 11th Gen Intel(R) Core(TM) i5-11400F @ 2.60GHz, 12 cores, 31G,  Windows 10 , 64 bit Build 19041 (10.0.19041.5794)
Time: Tue Jun  3 17:23:28 2025 RTZ 2 (s 10 , 64 bit Build 19041 (10.0.19041.5794) elapsed time: 0.395864 seconds (0d 0h 0m 0s)

---------------  T H R E A D  ---------------

Current thread (0x000001a44709bce0):  JavaThread "main" [_thread_in_vm, id=5508, stack(0x0000006418300000,0x0000006418400000)]

Stack: [0x0000006418300000,0x0000006418400000]
Native frames: (J=compiled Java code, j=interpreted, Vv=VM code, C=native code)
V  [jvm.dll+0x64c9da]
V  [jvm.dll+0x800834]
V  [jvm.dll+0x801fee]
V  [jvm.dll+0x802643]
V  [jvm.dll+0x23715b]
V  [jvm.dll+0x7fc8fb]
V  [jvm.dll+0x5f3916]
V  [jvm.dll+0x5f397a]
V  [jvm.dll+0x5f6098]
V  [jvm.dll+0x5f42cd]
V  [jvm.dll+0x5fd8a7]
V  [jvm.dll+0x1de6d6]
V  [jvm.dll+0x1deb65]
V  [jvm.dll+0x1df5a1]
V  [jvm.dll+0x1d5179]
V  [jvm.dll+0x51ac20]
V  [jvm.dll+0x1e5297]
V  [jvm.dll+0x77e132]
V  [jvm.dll+0x77f451]
V  [jvm.dll+0x77fbf9]
V  [jvm.dll+0x1df807]
V  [jvm.dll+0x1d5192]
V  [jvm.dll+0x51ac20]
V  [jvm.dll+0x1e5297]
V  [jvm.dll+0x77e132]
V  [jvm.dll+0x77f451]
V  [jvm.dll+0x77fbf9]
V  [jvm.dll+0x1df807]
V  [jvm.dll+0x1d5192]
V  [jvm.dll+0x51ac20]
V  [jvm.dll+0x1e5297]
V  [jvm.dll+0x77e132]
V  [jvm.dll+0x77f451]
V  [jvm.dll+0x77f788]
V  [jvm.dll+0x22f59a]
V  [jvm.dll+0x36c98e]
C  0x000001a44eba582e

Java frames: (J=compiled Java code, j=interpreted, Vv=VM code)
j  jdk.internal.logger.LazyLoggers.getLazyLogger(Ljava/lang/String;Ljava/lang/Module;)Ljava/lang/System$Logger;+8 java.base@17.0.8.1
j  jdk.internal.logger.LazyLoggers.getLogger(Ljava/lang/String;Ljava/lang/Module;)Ljava/lang/System$Logger;+9 java.base@17.0.8.1
j  java.lang.System.getLogger(Ljava/lang/String;)Ljava/lang/System$Logger;+29 java.base@17.0.8.1
j  sun.management.jmxremote.ConnectorBootstrap.<clinit>()V+9 jdk.management.agent@17.0.8.1
v  ~StubRoutines::call_stub
j  jdk.internal.agent.Agent.startLocalManagementAgent()V+13 jdk.management.agent@17.0.8.1
j  jdk.internal.agent.Agent.startAgent(Ljava/util/Properties;)V+58 jdk.management.agent@17.0.8.1
j  jdk.internal.agent.Agent.startAgent()V+20 jdk.management.agent@17.0.8.1
v  ~StubRoutines::call_stub

---------------  P R O C E S S  ---------------

Threads class SMR info:
_java_thread_list=0x000001a467cd92c0, length=16, elements={
0x000001a44709bce0, 0x000001a464fd7700, 0x000001a464fd82c0, 0x000001a464ff44e0,
0x000001a464ff50a0, 0x000001a464ff7a70, 0x000001a464ffa440, 0x000001a464ffaeb0,
0x000001a464fff340, 0x000001a467c31820, 0x000001a467baf210, 0x000001a464fbffa0,
0x000001a467c912a0, 0x000001a467ca1690, 0x000001a467ca3b90, 0x000001a467c308f0
}

Java Threads: ( => current thread )
=>0x000001a44709bce0 JavaThread "main" [_thread_in_vm, id=5508, stack(0x0000006418300000,0x0000006418400000)]
  0x000001a464fd7700 JavaThread "Reference Handler" daemon [_thread_blocked, id=17044, stack(0x0000006418a00000,0x0000006418b00000)]
  0x000001a464fd82c0 JavaThread "Finalizer" daemon [_thread_blocked, id=18356, stack(0x0000006418b00000,0x0000006418c00000)]
  0x000001a464ff44e0 JavaThread "Signal Dispatcher" daemon [_thread_blocked, id=17364, stack(0x0000006418c00000,0x0000006418d00000)]
  0x000001a464ff50a0 JavaThread "Attach Listener" daemon [_thread_blocked, id=22340, stack(0x0000006418d00000,0x0000006418e00000)]
  0x000001a464ff7a70 JavaThread "Service Thread" daemon [_thread_blocked, id=20368, stack(0x0000006418e00000,0x0000006418f00000)]
  0x000001a464ffa440 JavaThread "Monitor Deflation Thread" daemon [_thread_blocked, id=18092, stack(0x0000006418f00000,0x0000006419000000)]
  0x000001a464ffaeb0 JavaThread "C1 CompilerThread0" daemon [_thread_blocked, id=11404, stack(0x0000006419000000,0x0000006419100000)]
  0x000001a464fff340 JavaThread "Sweeper thread" daemon [_thread_blocked, id=17340, stack(0x0000006419100000,0x0000006419200000)]
  0x000001a467c31820 JavaThread "Common-Cleaner" daemon [_thread_blocked, id=20796, stack(0x0000006419200000,0x0000006419300000)]
  0x000001a467baf210 JavaThread "C1 CompilerThread1" daemon [_thread_blocked, id=19764, stack(0x0000006419300000,0x0000006419400000)]
  0x000001a464fbffa0 JavaThread "C1 CompilerThread2" daemon [_thread_blocked, id=11196, stack(0x0000006419400000,0x0000006419500000)]
  0x000001a467c912a0 JavaThread "JDWP Transport Listener: dt_socket" daemon [_thread_blocked, id=9348, stack(0x0000006419500000,0x0000006419600000)]
  0x000001a467ca1690 JavaThread "JDWP Event Helper Thread" daemon [_thread_blocked, id=10792, stack(0x0000006419600000,0x0000006419700000)]
  0x000001a467ca3b90 JavaThread "JDWP Command Reader" daemon [_thread_in_native, id=18232, stack(0x0000006419700000,0x0000006419800000)]
  0x000001a467c308f0 JavaThread "Notification Thread" daemon [_thread_blocked, id=22368, stack(0x0000006419800000,0x0000006419900000)]

Other Threads:
  0x000001a464fd44c0 VMThread "VM Thread" [stack: 0x0000006418900000,0x0000006418a00000] [id=18016]
  0x000001a464e50d10 GCTaskThread "GC Thread#0" [stack: 0x0000006418400000,0x0000006418500000] [id=20668]
  0x000001a44711a000 ConcurrentGCThread "G1 Main Marker" [stack: 0x0000006418500000,0x0000006418600000] [id=16512]
  0x000001a44711ba20 ConcurrentGCThread "G1 Conc#0" [stack: 0x0000006418600000,0x0000006418700000] [id=16616]
  0x000001a464f0c800 ConcurrentGCThread "G1 Refine#0" [stack: 0x0000006418700000,0x0000006418800000] [id=9136]
  0x000001a464f0d230 ConcurrentGCThread "G1 Service" [stack: 0x0000006418800000,0x0000006418900000] [id=7296]

Threads with active compile tasks:

VM state: not at safepoint (normal execution)

VM Mutex/Monitor currently owned by a thread:  ([mutex/lock_event])
[0x000001a4470978a0] Metaspace_lock - owner thread: 0x000001a44709bce0

Heap address: 0x0000000602000000, size: 8160 MB, Compressed Oops mode: Zero based, Oop shift amount: 3

CDS archive(s) mapped at: [0x000001a400000000-0x000001a400bd0000-0x000001a400bd0000), size 12386304, SharedBaseAddress: 0x000001a400000000, ArchiveRelocationMode: 1.
Compressed class space mapped at: 0x000001a401000000-0x000001a441000000, reserved size: 1073741824
Narrow klass base: 0x000001a400000000, Narrow klass shift: 0, Narrow klass range: 0x100000000

GC Precious Log:
 CPUs: 12 total, 12 available
 Memory: 32635M
 Large Page Support: Disabled
 NUMA Support: Disabled
 Compressed Oops: Enabled (Zero based)
 Heap Region Size: 4M
 Heap Min Capacity: 8M
 Heap Initial Capacity: 512M
 Heap Max Capacity: 8160M
 Pre-touch: Disabled
 Parallel Workers: 10
 Concurrent Workers: 3
 Concurrent Refinement Workers: 10
 Periodic GC: Disabled

Heap:
 garbage-first heap   total 524288K, used 12288K [0x0000000602000000, 0x0000000800000000)
  region size 4096K, 4 young (16384K), 0 survivors (0K)
 Metaspace       used 1760K, committed 1856K, reserved 1114112K
  class space    used 206K, committed 256K, reserved 1048576K

Heap Regions: E=young(eden), S=young(survivor), O=old, HS=humongous(starts), HC=humongous(continues), CS=collection set, F=free, OA=open archive, CA=closed archive, TAMS=top-at-mark-start (previous, next)
|   0|0x0000000602000000, 0x0000000602000000, 0x0000000602400000|  0%| F|  |TAMS 0x0000000602000000, 0x0000000602000000| Untracked 
|   1|0x0000000602400000, 0x0000000602400000, 0x0000000602800000|  0%| F|  |TAMS 0x0000000602400000, 0x0000000602400000| Untracked 
|   2|0x0000000602800000, 0x0000000602800000, 0x0000000602c00000|  0%| F|  |TAMS 0x0000000602800000, 0x0000000602800000| Untracked 
|   3|0x0000000602c00000, 0x0000000602c00000, 0x0000000603000000|  0%| F|  |TAMS 0x0000000602c00000, 0x0000000602c00000| Untracked 
|   4|0x0000000603000000, 0x0000000603000000, 0x0000000603400000|  0%| F|  |TAMS 0x0000000603000000, 0x0000000603000000| Untracked 
|   5|0x0000000603400000, 0x0000000603400000, 0x0000000603800000|  0%| F|  |TAMS 0x0000000603400000, 0x0000000603400000| Untracked 
|   6|0x0000000603800000, 0x0000000603800000, 0x0000000603c00000|  0%| F|  |TAMS 0x0000000603800000, 0x0000000603800000| Untracked 
|   7|0x0000000603c00000, 0x0000000603c00000, 0x0000000604000000|  0%| F|  |TAMS 0x0000000603c00000, 0x0000000603c00000| Untracked 
|   8|0x0000000604000000, 0x0000000604000000, 0x0000000604400000|  0%| F|  |TAMS 0x0000000604000000, 0x0000000604000000| Untracked 
|   9|0x0000000604400000, 0x0000000604400000, 0x0000000604800000|  0%| F|  |TAMS 0x0000000604400000, 0x0000000604400000| Untracked 
|  10|0x0000000604800000, 0x0000000604800000, 0x0000000604c00000|  0%| F|  |TAMS 0x0000000604800000, 0x0000000604800000| Untracked 
|  11|0x0000000604c00000, 0x0000000604c00000, 0x0000000605000000|  0%| F|  |TAMS 0x0000000604c00000, 0x0000000604c00000| Untracked 
|  12|0x0000000605000000, 0x0000000605000000, 0x0000000605400000|  0%| F|  |TAMS 0x0000000605000000, 0x0000000605000000| Untracked 
|  13|0x0000000605400000, 0x0000000605400000, 0x0000000605800000|  0%| F|  |TAMS 0x0000000605400000, 0x0000000605400000| Untracked 
|  14|0x0000000605800000, 0x0000000605800000, 0x0000000605c00000|  0%| F|  |TAMS 0x0000000605800000, 0x0000000605800000| Untracked 
|  15|0x0000000605c00000, 0x0000000605c00000, 0x0000000606000000|  0%| F|  |TAMS 0x0000000605c00000, 0x0000000605c00000| Untracked 
|  16|0x0000000606000000, 0x0000000606000000, 0x0000000606400000|  0%| F|  |TAMS 0x0000000606000000, 0x0000000606000000| Untracked 
|  17|0x0000000606400000, 0x0000000606400000, 0x0000000606800000|  0%| F|  |TAMS 0x0000000606400000, 0x0000000606400000| Untracked 
|  18|0x0000000606800000, 0x0000000606800000, 0x0000000606c00000|  0%| F|  |TAMS 0x0000000606800000, 0x0000000606800000| Untracked 
|  19|0x0000000606c00000, 0x0000000606c00000, 0x0000000607000000|  0%| F|  |TAMS 0x0000000606c00000, 0x0000000606c00000| Untracked 
|  20|0x0000000607000000, 0x0000000607000000, 0x0000000607400000|  0%| F|  |TAMS 0x0000000607000000, 0x0000000607000000| Untracked 
|  21|0x0000000607400000, 0x0000000607400000, 0x0000000607800000|  0%| F|  |TAMS 0x0000000607400000, 0x0000000607400000| Untracked 
|  22|0x0000000607800000, 0x0000000607800000, 0x0000000607c00000|  0%| F|  |TAMS 0x0000000607800000, 0x0000000607800000| Untracked 
|  23|0x0000000607c00000, 0x0000000607c00000, 0x0000000608000000|  0%| F|  |TAMS 0x0000000607c00000, 0x0000000607c00000| Untracked 
|  24|0x0000000608000000, 0x0000000608000000, 0x0000000608400000|  0%| F|  |TAMS 0x0000000608000000, 0x0000000608000000| Untracked 
|  25|0x0000000608400000, 0x0000000608400000, 0x0000000608800000|  0%| F|  |TAMS 0x0000000608400000, 0x0000000608400000| Untracked 
|  26|0x0000000608800000, 0x0000000608800000, 0x0000000608c00000|  0%| F|  |TAMS 0x0000000608800000, 0x0000000608800000| Untracked 
|  27|0x0000000608c00000, 0x0000000608c00000, 0x0000000609000000|  0%| F|  |TAMS 0x0000000608c00000, 0x0000000608c00000| Untracked 
|  28|0x0000000609000000, 0x0000000609000000, 0x0000000609400000|  0%| F|  |TAMS 0x0000000609000000, 0x0000000609000000| Untracked 
|  29|0x0000000609400000, 0x0000000609400000, 0x0000000609800000|  0%| F|  |TAMS 0x0000000609400000, 0x0000000609400000| Untracked 
|  30|0x0000000609800000, 0x0000000609800000, 0x0000000609c00000|  0%| F|  |TAMS 0x0000000609800000, 0x0000000609800000| Untracked 
|  31|0x0000000609c00000, 0x0000000609c00000, 0x000000060a000000|  0%| F|  |TAMS 0x0000000609c00000, 0x0000000609c00000| Untracked 
|  32|0x000000060a000000, 0x000000060a000000, 0x000000060a400000|  0%| F|  |TAMS 0x000000060a000000, 0x000000060a000000| Untracked 
|  33|0x000000060a400000, 0x000000060a400000, 0x000000060a800000|  0%| F|  |TAMS 0x000000060a400000, 0x000000060a400000| Untracked 
|  34|0x000000060a800000, 0x000000060a800000, 0x000000060ac00000|  0%| F|  |TAMS 0x000000060a800000, 0x000000060a800000| Untracked 
|  35|0x000000060ac00000, 0x000000060ac00000, 0x000000060b000000|  0%| F|  |TAMS 0x000000060ac00000, 0x000000060ac00000| Untracked 
|  36|0x000000060b000000, 0x000000060b000000, 0x000000060b400000|  0%| F|  |TAMS 0x000000060b000000, 0x000000060b000000| Untracked 
|  37|0x000000060b400000, 0x000000060b400000, 0x000000060b800000|  0%| F|  |TAMS 0x000000060b400000, 0x000000060b400000| Untracked 
|  38|0x000000060b800000, 0x000000060b800000, 0x000000060bc00000|  0%| F|  |TAMS 0x000000060b800000, 0x000000060b800000| Untracked 
|  39|0x000000060bc00000, 0x000000060bc00000, 0x000000060c000000|  0%| F|  |TAMS 0x000000060bc00000, 0x000000060bc00000| Untracked 
|  40|0x000000060c000000, 0x000000060c000000, 0x000000060c400000|  0%| F|  |TAMS 0x000000060c000000, 0x000000060c000000| Untracked 
|  41|0x000000060c400000, 0x000000060c400000, 0x000000060c800000|  0%| F|  |TAMS 0x000000060c400000, 0x000000060c400000| Untracked 
|  42|0x000000060c800000, 0x000000060c800000, 0x000000060cc00000|  0%| F|  |TAMS 0x000000060c800000, 0x000000060c800000| Untracked 
|  43|0x000000060cc00000, 0x000000060cc00000, 0x000000060d000000|  0%| F|  |TAMS 0x000000060cc00000, 0x000000060cc00000| Untracked 
|  44|0x000000060d000000, 0x000000060d000000, 0x000000060d400000|  0%| F|  |TAMS 0x000000060d000000, 0x000000060d000000| Untracked 
|  45|0x000000060d400000, 0x000000060d400000, 0x000000060d800000|  0%| F|  |TAMS 0x000000060d400000, 0x000000060d400000| Untracked 
|  46|0x000000060d800000, 0x000000060d800000, 0x000000060dc00000|  0%| F|  |TAMS 0x000000060d800000, 0x000000060d800000| Untracked 
|  47|0x000000060dc00000, 0x000000060dc00000, 0x000000060e000000|  0%| F|  |TAMS 0x000000060dc00000, 0x000000060dc00000| Untracked 
|  48|0x000000060e000000, 0x000000060e000000, 0x000000060e400000|  0%| F|  |TAMS 0x000000060e000000, 0x000000060e000000| Untracked 
|  49|0x000000060e400000, 0x000000060e400000, 0x000000060e800000|  0%| F|  |TAMS 0x000000060e400000, 0x000000060e400000| Untracked 
|  50|0x000000060e800000, 0x000000060e800000, 0x000000060ec00000|  0%| F|  |TAMS 0x000000060e800000, 0x000000060e800000| Untracked 
|  51|0x000000060ec00000, 0x000000060ec00000, 0x000000060f000000|  0%| F|  |TAMS 0x000000060ec00000, 0x000000060ec00000| Untracked 
|  52|0x000000060f000000, 0x000000060f000000, 0x000000060f400000|  0%| F|  |TAMS 0x000000060f000000, 0x000000060f000000| Untracked 
|  53|0x000000060f400000, 0x000000060f400000, 0x000000060f800000|  0%| F|  |TAMS 0x000000060f400000, 0x000000060f400000| Untracked 
|  54|0x000000060f800000, 0x000000060f800000, 0x000000060fc00000|  0%| F|  |TAMS 0x000000060f800000, 0x000000060f800000| Untracked 
|  55|0x000000060fc00000, 0x000000060fc00000, 0x0000000610000000|  0%| F|  |TAMS 0x000000060fc00000, 0x000000060fc00000| Untracked 
|  56|0x0000000610000000, 0x0000000610000000, 0x0000000610400000|  0%| F|  |TAMS 0x0000000610000000, 0x0000000610000000| Untracked 
|  57|0x0000000610400000, 0x0000000610400000, 0x0000000610800000|  0%| F|  |TAMS 0x0000000610400000, 0x0000000610400000| Untracked 
|  58|0x0000000610800000, 0x0000000610800000, 0x0000000610c00000|  0%| F|  |TAMS 0x0000000610800000, 0x0000000610800000| Untracked 
|  59|0x0000000610c00000, 0x0000000610c00000, 0x0000000611000000|  0%| F|  |TAMS 0x0000000610c00000, 0x0000000610c00000| Untracked 
|  60|0x0000000611000000, 0x0000000611000000, 0x0000000611400000|  0%| F|  |TAMS 0x0000000611000000, 0x0000000611000000| Untracked 
|  61|0x0000000611400000, 0x0000000611400000, 0x0000000611800000|  0%| F|  |TAMS 0x0000000611400000, 0x0000000611400000| Untracked 
|  62|0x0000000611800000, 0x0000000611800000, 0x0000000611c00000|  0%| F|  |TAMS 0x0000000611800000, 0x0000000611800000| Untracked 
|  63|0x0000000611c00000, 0x0000000611c00000, 0x0000000612000000|  0%| F|  |TAMS 0x0000000611c00000, 0x0000000611c00000| Untracked 
|  64|0x0000000612000000, 0x0000000612000000, 0x0000000612400000|  0%| F|  |TAMS 0x0000000612000000, 0x0000000612000000| Untracked 
|  65|0x0000000612400000, 0x0000000612400000, 0x0000000612800000|  0%| F|  |TAMS 0x0000000612400000, 0x0000000612400000| Untracked 
|  66|0x0000000612800000, 0x0000000612800000, 0x0000000612c00000|  0%| F|  |TAMS 0x0000000612800000, 0x0000000612800000| Untracked 
|  67|0x0000000612c00000, 0x0000000612c00000, 0x0000000613000000|  0%| F|  |TAMS 0x0000000612c00000, 0x0000000612c00000| Untracked 
|  68|0x0000000613000000, 0x0000000613000000, 0x0000000613400000|  0%| F|  |TAMS 0x0000000613000000, 0x0000000613000000| Untracked 
|  69|0x0000000613400000, 0x0000000613400000, 0x0000000613800000|  0%| F|  |TAMS 0x0000000613400000, 0x0000000613400000| Untracked 
|  70|0x0000000613800000, 0x0000000613800000, 0x0000000613c00000|  0%| F|  |TAMS 0x0000000613800000, 0x0000000613800000| Untracked 
|  71|0x0000000613c00000, 0x0000000613c00000, 0x0000000614000000|  0%| F|  |TAMS 0x0000000613c00000, 0x0000000613c00000| Untracked 
|  72|0x0000000614000000, 0x0000000614000000, 0x0000000614400000|  0%| F|  |TAMS 0x0000000614000000, 0x0000000614000000| Untracked 
|  73|0x0000000614400000, 0x0000000614400000, 0x0000000614800000|  0%| F|  |TAMS 0x0000000614400000, 0x0000000614400000| Untracked 
|  74|0x0000000614800000, 0x0000000614800000, 0x0000000614c00000|  0%| F|  |TAMS 0x0000000614800000, 0x0000000614800000| Untracked 
|  75|0x0000000614c00000, 0x0000000614c00000, 0x0000000615000000|  0%| F|  |TAMS 0x0000000614c00000, 0x0000000614c00000| Untracked 
|  76|0x0000000615000000, 0x0000000615000000, 0x0000000615400000|  0%| F|  |TAMS 0x0000000615000000, 0x0000000615000000| Untracked 
|  77|0x0000000615400000, 0x0000000615400000, 0x0000000615800000|  0%| F|  |TAMS 0x0000000615400000, 0x0000000615400000| Untracked 
|  78|0x0000000615800000, 0x0000000615800000, 0x0000000615c00000|  0%| F|  |TAMS 0x0000000615800000, 0x0000000615800000| Untracked 
|  79|0x0000000615c00000, 0x0000000615c00000, 0x0000000616000000|  0%| F|  |TAMS 0x0000000615c00000, 0x0000000615c00000| Untracked 
|  80|0x0000000616000000, 0x0000000616000000, 0x0000000616400000|  0%| F|  |TAMS 0x0000000616000000, 0x0000000616000000| Untracked 
|  81|0x0000000616400000, 0x0000000616400000, 0x0000000616800000|  0%| F|  |TAMS 0x0000000616400000, 0x0000000616400000| Untracked 
|  82|0x0000000616800000, 0x0000000616800000, 0x0000000616c00000|  0%| F|  |TAMS 0x0000000616800000, 0x0000000616800000| Untracked 
|  83|0x0000000616c00000, 0x0000000616c00000, 0x0000000617000000|  0%| F|  |TAMS 0x0000000616c00000, 0x0000000616c00000| Untracked 
|  84|0x0000000617000000, 0x0000000617000000, 0x0000000617400000|  0%| F|  |TAMS 0x0000000617000000, 0x0000000617000000| Untracked 
|  85|0x0000000617400000, 0x0000000617400000, 0x0000000617800000|  0%| F|  |TAMS 0x0000000617400000, 0x0000000617400000| Untracked 
|  86|0x0000000617800000, 0x0000000617800000, 0x0000000617c00000|  0%| F|  |TAMS 0x0000000617800000, 0x0000000617800000| Untracked 
|  87|0x0000000617c00000, 0x0000000617c00000, 0x0000000618000000|  0%| F|  |TAMS 0x0000000617c00000, 0x0000000617c00000| Untracked 
|  88|0x0000000618000000, 0x0000000618000000, 0x0000000618400000|  0%| F|  |TAMS 0x0000000618000000, 0x0000000618000000| Untracked 
|  89|0x0000000618400000, 0x0000000618400000, 0x0000000618800000|  0%| F|  |TAMS 0x0000000618400000, 0x0000000618400000| Untracked 
|  90|0x0000000618800000, 0x0000000618800000, 0x0000000618c00000|  0%| F|  |TAMS 0x0000000618800000, 0x0000000618800000| Untracked 
|  91|0x0000000618c00000, 0x0000000618c00000, 0x0000000619000000|  0%| F|  |TAMS 0x0000000618c00000, 0x0000000618c00000| Untracked 
|  92|0x0000000619000000, 0x0000000619000000, 0x0000000619400000|  0%| F|  |TAMS 0x0000000619000000, 0x0000000619000000| Untracked 
|  93|0x0000000619400000, 0x0000000619400000, 0x0000000619800000|  0%| F|  |TAMS 0x0000000619400000, 0x0000000619400000| Untracked 
|  94|0x0000000619800000, 0x0000000619800000, 0x0000000619c00000|  0%| F|  |TAMS 0x0000000619800000, 0x0000000619800000| Untracked 
|  95|0x0000000619c00000, 0x0000000619c00000, 0x000000061a000000|  0%| F|  |TAMS 0x0000000619c00000, 0x0000000619c00000| Untracked 
|  96|0x000000061a000000, 0x000000061a000000, 0x000000061a400000|  0%| F|  |TAMS 0x000000061a000000, 0x000000061a000000| Untracked 
|  97|0x000000061a400000, 0x000000061a400000, 0x000000061a800000|  0%| F|  |TAMS 0x000000061a400000, 0x000000061a400000| Untracked 
|  98|0x000000061a800000, 0x000000061a800000, 0x000000061ac00000|  0%| F|  |TAMS 0x000000061a800000, 0x000000061a800000| Untracked 
|  99|0x000000061ac00000, 0x000000061ac00000, 0x000000061b000000|  0%| F|  |TAMS 0x000000061ac00000, 0x000000061ac00000| Untracked 
| 100|0x000000061b000000, 0x000000061b000000, 0x000000061b400000|  0%| F|  |TAMS 0x000000061b000000, 0x000000061b000000| Untracked 
| 101|0x000000061b400000, 0x000000061b400000, 0x000000061b800000|  0%| F|  |TAMS 0x000000061b400000, 0x000000061b400000| Untracked 
| 102|0x000000061b800000, 0x000000061b800000, 0x000000061bc00000|  0%| F|  |TAMS 0x000000061b800000, 0x000000061b800000| Untracked 
| 103|0x000000061bc00000, 0x000000061bc00000, 0x000000061c000000|  0%| F|  |TAMS 0x000000061bc00000, 0x000000061bc00000| Untracked 
| 104|0x000000061c000000, 0x000000061c000000, 0x000000061c400000|  0%| F|  |TAMS 0x000000061c000000, 0x000000061c000000| Untracked 
| 105|0x000000061c400000, 0x000000061c400000, 0x000000061c800000|  0%| F|  |TAMS 0x000000061c400000, 0x000000061c400000| Untracked 
| 106|0x000000061c800000, 0x000000061c800000, 0x000000061cc00000|  0%| F|  |TAMS 0x000000061c800000, 0x000000061c800000| Untracked 
| 107|0x000000061cc00000, 0x000000061cc00000, 0x000000061d000000|  0%| F|  |TAMS 0x000000061cc00000, 0x000000061cc00000| Untracked 
| 108|0x000000061d000000, 0x000000061d000000, 0x000000061d400000|  0%| F|  |TAMS 0x000000061d000000, 0x000000061d000000| Untracked 
| 109|0x000000061d400000, 0x000000061d400000, 0x000000061d800000|  0%| F|  |TAMS 0x000000061d400000, 0x000000061d400000| Untracked 
| 110|0x000000061d800000, 0x000000061d800000, 0x000000061dc00000|  0%| F|  |TAMS 0x000000061d800000, 0x000000061d800000| Untracked 
| 111|0x000000061dc00000, 0x000000061dc00000, 0x000000061e000000|  0%| F|  |TAMS 0x000000061dc00000, 0x000000061dc00000| Untracked 
| 112|0x000000061e000000, 0x000000061e000000, 0x000000061e400000|  0%| F|  |TAMS 0x000000061e000000, 0x000000061e000000| Untracked 
| 113|0x000000061e400000, 0x000000061e400000, 0x000000061e800000|  0%| F|  |TAMS 0x000000061e400000, 0x000000061e400000| Untracked 
| 114|0x000000061e800000, 0x000000061e800000, 0x000000061ec00000|  0%| F|  |TAMS 0x000000061e800000, 0x000000061e800000| Untracked 
| 115|0x000000061ec00000, 0x000000061ec00000, 0x000000061f000000|  0%| F|  |TAMS 0x000000061ec00000, 0x000000061ec00000| Untracked 
| 116|0x000000061f000000, 0x000000061f000000, 0x000000061f400000|  0%| F|  |TAMS 0x000000061f000000, 0x000000061f000000| Untracked 
| 117|0x000000061f400000, 0x000000061f400000, 0x000000061f800000|  0%| F|  |TAMS 0x000000061f400000, 0x000000061f400000| Untracked 
| 118|0x000000061f800000, 0x000000061f800000, 0x000000061fc00000|  0%| F|  |TAMS 0x000000061f800000, 0x000000061f800000| Untracked 
| 119|0x000000061fc00000, 0x000000061fc00000, 0x0000000620000000|  0%| F|  |TAMS 0x000000061fc00000, 0x000000061fc00000| Untracked 
| 120|0x0000000620000000, 0x0000000620000000, 0x0000000620400000|  0%| F|  |TAMS 0x0000000620000000, 0x0000000620000000| Untracked 
| 121|0x0000000620400000, 0x0000000620400000, 0x0000000620800000|  0%| F|  |TAMS 0x0000000620400000, 0x0000000620400000| Untracked 
| 122|0x0000000620800000, 0x0000000620800000, 0x0000000620c00000|  0%| F|  |TAMS 0x0000000620800000, 0x0000000620800000| Untracked 
| 123|0x0000000620c00000, 0x0000000620c00000, 0x0000000621000000|  0%| F|  |TAMS 0x0000000620c00000, 0x0000000620c00000| Untracked 
| 124|0x0000000621000000, 0x00000006213e51d8, 0x0000000621400000| 97%| E|  |TAMS 0x0000000621000000, 0x0000000621000000| Complete 
| 125|0x0000000621400000, 0x0000000621800000, 0x0000000621800000|100%| E|CS|TAMS 0x0000000621400000, 0x0000000621400000| Complete 
| 126|0x0000000621800000, 0x0000000621c00000, 0x0000000621c00000|100%| E|CS|TAMS 0x0000000621800000, 0x0000000621800000| Complete 
| 127|0x0000000621c00000, 0x0000000622000000, 0x0000000622000000|100%| E|CS|TAMS 0x0000000621c00000, 0x0000000621c00000| Complete 

Card table byte_map: [0x000001a452ea0000,0x000001a453e90000] _byte_map_base: 0x000001a44fe90000

Marking Bits (Prev, Next): (CMBitMap*) 0x000001a4471097d0, (CMBitMap*) 0x000001a447109810
 Prev Bits: [0x000001a454e80000, 0x000001a45ce00000)
 Next Bits: [0x000001a45ce00000, 0x000001a464d80000)

Polling page: 0x000001a445070000

Metaspace:

Usage:
  Non-class:      1.52 MB used.
      Class:    206.66 KB used.
       Both:      1.72 MB used.

Virtual space:
  Non-class space:       64.00 MB reserved,       1.56 MB (  2%) committed,  1 nodes.
      Class space:        1.00 GB reserved,     256.00 KB ( <1%) committed,  1 nodes.
             Both:        1.06 GB reserved,       1.81 MB ( <1%) committed. 

Chunk freelists:
   Non-Class:  11.53 MB
       Class:  15.66 MB
        Both:  27.19 MB

MaxMetaspaceSize: unlimited
CompressedClassSpaceSize: 1.00 GB
Initial GC threshold: 21.00 MB
Current GC threshold: 21.00 MB
CDS: on
MetaspaceReclaimPolicy: balanced
 - commit_granule_bytes: 65536.
 - commit_granule_words: 8192.
 - virtual_space_node_default_size: 8388608.
 - enlarge_chunks_in_place: 1.
 - new_chunks_are_fully_committed: 0.
 - uncommit_free_chunks: 1.
 - use_allocation_guard: 0.
 - handle_deallocations: 1.


Internal statistics:

num_allocs_failed_limit: 0.
num_arena_births: 48.
num_arena_deaths: 0.
num_vsnodes_births: 2.
num_vsnodes_deaths: 0.
num_space_committed: 29.
num_space_uncommitted: 0.
num_chunks_returned_to_freelist: 0.
num_chunks_taken_from_freelist: 75.
num_chunk_merges: 0.
num_chunk_splits: 54.
num_chunks_enlarged: 39.
num_inconsistent_stats: 0.

CodeCache: size=49152Kb used=3377Kb max_used=3377Kb free=45774Kb
 bounds [0x000001a44eb80000, 0x000001a44eed0000, 0x000001a451b80000]
 total_blobs=1109 nmethods=698 adapters=337
 compilation: enabled
              stopped_count=0, restarted_count=0
 full_count=0

Compilation events (20 events):
Event: 0.372 Thread 0x000001a464ffaeb0  689       1       java.util.jar.Attributes::getValue (9 bytes)
Event: 0.372 Thread 0x000001a467baf210  690       1       java.util.jar.Attributes::get (11 bytes)
Event: 0.372 Thread 0x000001a467baf210 nmethod 690 0x000001a44eec6110 code [0x000001a44eec62a0, 0x000001a44eec63a8]
Event: 0.372 Thread 0x000001a464ffaeb0 nmethod 689 0x000001a44eec6410 code [0x000001a44eec65a0, 0x000001a44eec66e8]
Event: 0.373 Thread 0x000001a464ffaeb0  691       1       java.util.ArrayList$Itr::next (66 bytes)
Event: 0.373 Thread 0x000001a464fbffa0  692       1       java.util.ArrayList$Itr::checkForComodification (23 bytes)
Event: 0.373 Thread 0x000001a464fbffa0 nmethod 692 0x000001a44eec6790 code [0x000001a44eec6940, 0x000001a44eec6a88]
Event: 0.373 Thread 0x000001a464ffaeb0 nmethod 691 0x000001a44eec6b90 code [0x000001a44eec6d80, 0x000001a44eec7008]
Event: 0.373 Thread 0x000001a467baf210  693       1       jdk.internal.loader.URLClassPath::getResource (74 bytes)
Event: 0.374 Thread 0x000001a467baf210 nmethod 693 0x000001a44eec7210 code [0x000001a44eec73c0, 0x000001a44eec7558]
Event: 0.378 Thread 0x000001a467baf210  694       1       java.net.URI::match (56 bytes)
Event: 0.378 Thread 0x000001a467baf210 nmethod 694 0x000001a44eec7690 code [0x000001a44eec7840, 0x000001a44eec79f8]
Event: 0.387 Thread 0x000001a467baf210  695       1       java.util.Properties::loadConvert (540 bytes)
Event: 0.388 Thread 0x000001a467baf210 nmethod 695 0x000001a44eec7a90 code [0x000001a44eec7d00, 0x000001a44eec85a8]
Event: 0.389 Thread 0x000001a467baf210  697       1       org.jetbrains.capture.org.objectweb.asm.Type::getInternalName (12 bytes)
Event: 0.389 Thread 0x000001a467baf210 nmethod 697 0x000001a44eec9090 code [0x000001a44eec9240, 0x000001a44eec9358]
Event: 0.393 Thread 0x000001a467baf210  698 %     1       java.util.Properties$LineReader::readLine @ 224 (584 bytes)
Event: 0.394 Thread 0x000001a464ffaeb0  699       1       java.util.HashSet::contains (9 bytes)
Event: 0.394 Thread 0x000001a464ffaeb0 nmethod 699 0x000001a44eec9b10 code [0x000001a44eec9ca0, 0x000001a44eec9dc8]
Event: 0.394 Thread 0x000001a467baf210 nmethod 698% 0x000001a44eec9e90 code [0x000001a44eeca120, 0x000001a44eecb9b8]

GC Heap History (0 events):
No events

Dll operation events (8 events):
Event: 0.006 Loaded shared library C:\Users\morning\.jdks\corretto-17.0.8.1\bin\java.dll
Event: 0.007 Loaded shared library C:\Users\morning\.jdks\corretto-17.0.8.1\bin\zip.dll
Event: 0.023 Loaded shared library C:\Users\morning\.jdks\corretto-17.0.8.1\bin\jsvml.dll
Event: 0.132 Loaded shared library C:\Users\morning\.jdks\corretto-17.0.8.1\bin\instrument.dll
Event: 0.139 Loaded shared library C:\Users\morning\.jdks\corretto-17.0.8.1\bin\net.dll
Event: 0.140 Loaded shared library C:\Users\morning\.jdks\corretto-17.0.8.1\bin\nio.dll
Event: 0.143 Loaded shared library C:\Users\morning\.jdks\corretto-17.0.8.1\bin\zip.dll
Event: 0.216 Loaded shared library C:\Users\morning\.jdks\corretto-17.0.8.1\bin\jimage.dll

Deoptimization events (0 events):
No events

Classes unloaded (0 events):
No events

Classes redefined (0 events):
No events

Internal exceptions (4 events):
Event: 0.300 Thread 0x000001a44709bce0 Exception <a 'java/lang/ClassNotFoundException'{0x00000006211034f8}: javax/smartcardio/CardPermission> (0x00000006211034f8) 
thrown [s\src\hotspot\share\classfile\systemDictionary.cpp, line 256]
Event: 0.303 Thread 0x000001a44709bce0 Exception <a 'java/io/FileNotFoundException'{0x0000000621111808}> (0x0000000621111808) 
thrown [s\src\hotspot\share\prims\jni.cpp, line 516]
Event: 0.332 Thread 0x000001a44709bce0 Exception <a 'java/lang/NoSuchMethodError'{0x000000062119ffb8}: 'java.lang.Object java.lang.invoke.DirectMethodHandle$Holder.invokeSpecial(java.lang.Object, java.lang.Object, java.lang.Object, long, java.lang.Object)'> (0x000000062119ffb8) 
thrown [s\src\hotspot\share\interpreter\linkResolver.cpp, line 759]
Event: 0.333 Thread 0x000001a44709bce0 Exception <a 'java/lang/NoSuchMethodError'{0x00000006211a3c58}: 'java.lang.Object java.lang.invoke.Invokers$Holder.linkToTargetMethod(java.lang.Object, long, java.lang.Object, java.lang.Object)'> (0x00000006211a3c58) 
thrown [s\src\hotspot\share\interpreter\linkResolver.cpp, line 759]

VM Operations (12 events):
Event: 0.118 Executing VM operation: ChangeBreakpoints
Event: 0.118 Executing VM operation: ChangeBreakpoints done
Event: 0.129 Executing VM operation: ChangeBreakpoints
Event: 0.130 Executing VM operation: ChangeBreakpoints done
Event: 0.130 Executing VM operation: ChangeBreakpoints
Event: 0.130 Executing VM operation: ChangeBreakpoints done
Event: 0.212 Executing VM operation: HandshakeAllThreads
Event: 0.213 Executing VM operation: HandshakeAllThreads done
Event: 0.257 Executing VM operation: HandshakeAllThreads
Event: 0.257 Executing VM operation: HandshakeAllThreads done
Event: 0.278 Executing VM operation: HandshakeAllThreads
Event: 0.278 Executing VM operation: HandshakeAllThreads done

Events (20 events):
Event: 0.392 loading class com/intellij/rt/debugger/agent/CollectionBreakpointInstrumentor$PutMethod
Event: 0.392 loading class com/intellij/rt/debugger/agent/CollectionBreakpointInstrumentor$PutMethod done
Event: 0.392 loading class com/intellij/rt/debugger/agent/CollectionBreakpointInstrumentor$RemoveKeyMethod
Event: 0.392 loading class com/intellij/rt/debugger/agent/CollectionBreakpointInstrumentor$RemoveKeyMethod done
Event: 0.392 loading class com/intellij/rt/debugger/agent/CollectionBreakpointInstrumentor$CollectionBreakpointTransformer
Event: 0.392 loading class com/intellij/rt/debugger/agent/CollectionBreakpointInstrumentor$CollectionBreakpointTransformer done
Event: 0.392 Thread 0x000001a467c308f0 Thread added: 0x000001a467c308f0
Event: 0.392 loading class jdk/internal/agent/Agent
Event: 0.392 loading class jdk/internal/agent/Agent done
Event: 0.393 loading class sun/management/jmxremote/ConnectorBootstrap
Event: 0.393 loading class sun/management/jmxremote/ConnectorBootstrap done
Event: 0.393 loading class jdk/internal/logger/LazyLoggers
Event: 0.394 loading class jdk/internal/logger/LazyLoggers done
Event: 0.394 loading class jdk/internal/logger/LazyLoggers$1
Event: 0.394 loading class jdk/internal/logger/LazyLoggers$1 done
Event: 0.394 loading class jdk/internal/logger/LazyLoggers$LazyLoggerFactories
Event: 0.394 loading class jdk/internal/logger/LazyLoggers$LazyLoggerFactories done
Event: 0.395 loading class jdk/internal/logger/LazyLoggers$JdkLazyLogger
Event: 0.395 loading class jdk/internal/logger/LazyLoggers$LazyLoggerWrapper
Event: 0.395 loading class jdk/internal/logger/AbstractLoggerWrapper


Dynamic libraries:
0x00007ff6ea6d0000 - 0x00007ff6ea6dd000 	C:\Users\morning\.jdks\corretto-17.0.8.1\bin\java.exe
0x00007ff9ab9f0000 - 0x00007ff9abbe8000 	C:\Windows\SYSTEM32\ntdll.dll
0x00007ff9a9c60000 - 0x00007ff9a9d22000 	C:\Windows\System32\KERNEL32.DLL
0x00007ff9a9430000 - 0x00007ff9a9726000 	C:\Windows\System32\KERNELBASE.dll
0x00007ff9a9730000 - 0x00007ff9a9830000 	C:\Windows\System32\ucrtbase.dll
0x00007ff9934e0000 - 0x00007ff9934f7000 	C:\Users\morning\.jdks\corretto-17.0.8.1\bin\jli.dll
0x00007ff993500000 - 0x00007ff993515000 	C:\Users\morning\.jdks\corretto-17.0.8.1\bin\VCRUNTIME140.dll
0x00007ff9a9a20000 - 0x00007ff9a9bbd000 	C:\Windows\System32\USER32.dll
0x00007ff9a98e0000 - 0x00007ff9a9902000 	C:\Windows\System32\win32u.dll
0x00007ff9956e0000 - 0x00007ff99597a000 	C:\Windows\WinSxS\amd64_microsoft.windows.common-controls_6595b64144ccf1df_6.0.19041.5794_none_60bcd33171f2783c\COMCTL32.dll
0x00007ff9a9d50000 - 0x00007ff9a9dee000 	C:\Windows\System32\msvcrt.dll
0x00007ff9ab980000 - 0x00007ff9ab9ab000 	C:\Windows\System32\GDI32.dll
0x00007ff9a91b0000 - 0x00007ff9a92ca000 	C:\Windows\System32\gdi32full.dll
0x00007ff9a9110000 - 0x00007ff9a91ad000 	C:\Windows\System32\msvcp_win.dll
0x00007ff9ab830000 - 0x00007ff9ab85f000 	C:\Windows\System32\IMM32.DLL
0x00007ff97f160000 - 0x00007ff97f1fb000 	C:\Users\morning\.jdks\corretto-17.0.8.1\bin\msvcp140.dll
0x00007ff9300d0000 - 0x00007ff930ced000 	C:\Users\morning\.jdks\corretto-17.0.8.1\bin\server\jvm.dll
0x00007ff9aa980000 - 0x00007ff9aaa2f000 	C:\Windows\System32\ADVAPI32.dll
0x00007ff9ab8e0000 - 0x00007ff9ab97f000 	C:\Windows\System32\sechost.dll
0x00007ff9ab070000 - 0x00007ff9ab193000 	C:\Windows\System32\RPCRT4.dll
0x00007ff9a9910000 - 0x00007ff9a9937000 	C:\Windows\System32\bcrypt.dll
0x00007ff9a8b10000 - 0x00007ff9a8b5b000 	C:\Windows\SYSTEM32\POWRPROF.dll
0x00007ff98d2d0000 - 0x00007ff98d2d9000 	C:\Windows\SYSTEM32\WSOCK32.dll
0x00007ff9ab7c0000 - 0x00007ff9ab82b000 	C:\Windows\System32\WS2_32.dll
0x00007ff9a1a50000 - 0x00007ff9a1a77000 	C:\Windows\SYSTEM32\WINMM.dll
0x00007ff9a33e0000 - 0x00007ff9a33ea000 	C:\Windows\SYSTEM32\VERSION.dll
0x00007ff9a8ac0000 - 0x00007ff9a8ad2000 	C:\Windows\SYSTEM32\UMPDC.dll
0x00007ff9a6ef0000 - 0x00007ff9a6f02000 	C:\Windows\SYSTEM32\kernel.appcore.dll
0x00007ff9a5d90000 - 0x00007ff9a5d9a000 	C:\Users\morning\.jdks\corretto-17.0.8.1\bin\jimage.dll
0x00007ff9a0460000 - 0x00007ff9a0661000 	C:\Windows\SYSTEM32\DBGHELP.DLL
0x00007ff990730000 - 0x00007ff990764000 	C:\Windows\SYSTEM32\dbgcore.DLL
0x00007ff9a9990000 - 0x00007ff9a9a12000 	C:\Windows\System32\bcryptPrimitives.dll
0x00007ff98f460000 - 0x00007ff98f499000 	C:\Users\morning\.jdks\corretto-17.0.8.1\bin\jdwp.dll
0x00007ff99b5e0000 - 0x00007ff99b5ee000 	C:\Users\morning\.jdks\corretto-17.0.8.1\bin\instrument.dll
0x00007ff98eba0000 - 0x00007ff98ebc5000 	C:\Users\morning\.jdks\corretto-17.0.8.1\bin\java.dll
0x00007ff9934a0000 - 0x00007ff9934b8000 	C:\Users\morning\.jdks\corretto-17.0.8.1\bin\zip.dll
0x00007ff97f040000 - 0x00007ff97f116000 	C:\Users\morning\.jdks\corretto-17.0.8.1\bin\jsvml.dll
0x00007ff9a9df0000 - 0x00007ff9aa55e000 	C:\Windows\System32\SHELL32.dll
0x00007ff9a70f0000 - 0x00007ff9a7893000 	C:\Windows\SYSTEM32\windows.storage.dll
0x00007ff9aac30000 - 0x00007ff9aaf83000 	C:\Windows\System32\combase.dll
0x00007ff9a8910000 - 0x00007ff9a893b000 	C:\Windows\SYSTEM32\Wldp.dll
0x00007ff9aab60000 - 0x00007ff9aac2d000 	C:\Windows\System32\OLEAUT32.dll
0x00007ff9aa5c0000 - 0x00007ff9aa66d000 	C:\Windows\System32\SHCORE.dll
0x00007ff9aa560000 - 0x00007ff9aa5b5000 	C:\Windows\System32\shlwapi.dll
0x00007ff9a8fc0000 - 0x00007ff9a8fe5000 	C:\Windows\SYSTEM32\profapi.dll
0x00007ff993380000 - 0x00007ff99338c000 	C:\Users\morning\.jdks\corretto-17.0.8.1\bin\dt_socket.dll
0x00007ff9a83f0000 - 0x00007ff9a842b000 	C:\Windows\SYSTEM32\IPHLPAPI.DLL
0x00007ff9a86f0000 - 0x00007ff9a875c000 	C:\Windows\system32\mswsock.dll
0x00007ff98e710000 - 0x00007ff98e729000 	C:\Users\morning\.jdks\corretto-17.0.8.1\bin\net.dll
0x00007ff9a3630000 - 0x00007ff9a373a000 	C:\Windows\SYSTEM32\WINHTTP.dll
0x00007ff98e610000 - 0x00007ff98e625000 	C:\Users\morning\.jdks\corretto-17.0.8.1\bin\nio.dll

dbghelp: loaded successfully - version: 4.0.5 - missing functions: none
symbol engine: initialized successfully - sym options: 0x614 - pdb path: .;C:\Users\morning\.jdks\corretto-17.0.8.1\bin;C:\Windows\SYSTEM32;C:\Windows\WinSxS\amd64_microsoft.windows.common-controls_6595b64144ccf1df_6.0.19041.5794_none_60bcd33171f2783c;C:\Users\morning\.jdks\corretto-17.0.8.1\bin\server

VM Arguments:
jvm_args: -agentlib:jdwp=transport=dt_socket,address=127.0.0.1:49792,suspend=y,server=n -XX:TieredStopAtLevel=1 -Dspring.output.ansi.enabled=always -Dcom.sun.management.jmxremote -Dspring.jmx.enabled=true -Dspring.liveBeansView.mbeanDomain -Dspring.application.admin.enabled=true -Dmanagement.endpoints.jmx.exposure.include=* -javaagent:C:\Users\morning\AppData\Local\JetBrains\IntelliJIdea2024.1\captureAgent\debugger-agent.jar=file:/C:/Users/morning/AppData/Local/Temp/capture.props -Dfile.encoding=UTF-8 
java_command: com.morning.apigateway.ApiGatewayApplication
java_class_path (initial): D:\MySpace\task-tracker\task-tracker\api-gateway\build\classes\java\main;D:\MySpace\task-tracker\task-tracker\api-gateway\build\resources\main;C:\Users\morning\.gradle\caches\modules-2\files-2.1\org.projectlombok\lombok\1.18.30\f195ee86e6c896ea47a1d39defbe20eb59cd149d\lombok-1.18.30.jar;C:\Users\morning\.gradle\caches\modules-2\files-2.1\org.springframework.cloud\spring-cloud-starter-gateway\4.1.0\78c032b4fcacd067e74a65da744bf68fda32d5a2\spring-cloud-starter-gateway-4.1.0.jar;C:\Users\morning\.gradle\caches\modules-2\files-2.1\org.springframework.boot\spring-boot-starter-webflux\3.2.1\76a60825d60a58085ed2b5924af7f2c9b78a855a\spring-boot-starter-webflux-3.2.1.jar;C:\Users\morning\.gradle\caches\modules-2\files-2.1\org.springframework.cloud\spring-cloud-starter-netflix-eureka-client\4.1.0\66077e7c4198db4c351391dd2e96399cff857f47\spring-cloud-starter-netflix-eureka-client-4.1.0.jar;C:\Users\morning\.gradle\caches\modules-2\files-2.1\io.jsonwebtoken\jjwt-api\0.12.2\edc4b91fc23926c6220e807ea850675c1dee1003\jjwt-api-0.12.2.jar;C:\Users\morning\.gradle\caches\modules-2\files-2.1\org.springframework.cloud\spring-cloud-starter\4.1.0\8558f5e64af9abbab030ff25654cbbc9d6892d72\spring-cloud-starter-4.1.0.jar;C:\Users\morning\.gradle\caches\modules-2\files-2.1\org.springframework.cloud\spring-cloud-gateway-server\4.1.0\bd6c2462cd1d05181d8377e2a4d1bd4567f3aff8\spring-cloud-gateway-server-4.1.0.jar;C:\Users\morning\.gradle\caches\modules-2\files-2.1\org.springframework.boot\spring-boot-starter-json\3.2.1\ecda50de20ab6d3c49ea30df4c1982048f5d31ac\spring-boot-starter-json-3.2.1.jar;C:\Users\morning\.gradle\caches\modules-2\files-2.1\org.springframework.boot\spring-boot-starter\3.2.1\bc03d7075fb9d9d4877218db48d5dae3dd72a65d\spring-boot-starter-3.2.1.jar;C:\Users\morning\.gradle\caches\modules-2\files-2.1\org.springframework.boot\spring-boot-starter-reactor-netty\3.2.1\cf2e69bfe097f0f43ca31cf6f7769bb584f9b868\spring-boot-starter-reactor-netty-3.2.1.jar;C:\Use
Launcher Type: SUN_STANDARD

[Global flags]
     intx CICompilerCount                          = 4                                         {product} {ergonomic}
     uint ConcGCThreads                            = 3                                         {product} {ergonomic}
     uint G1ConcRefinementThreads                  = 10                                        {product} {ergonomic}
   size_t G1HeapRegionSize                         = 4194304                                   {product} {ergonomic}
    uintx GCDrainStackTargetSize                   = 64                                        {product} {ergonomic}
   size_t InitialHeapSize                          = 536870912                                 {product} {ergonomic}
     bool ManagementServer                         = true                                      {product} {command line}
   size_t MarkStackSize                            = 4194304                                   {product} {ergonomic}
   size_t MaxHeapSize                              = 8556380160                                {product} {ergonomic}
   size_t MaxNewSize                               = 5133828096                                {product} {ergonomic}
   size_t MinHeapDeltaBytes                        = 4194304                                   {product} {ergonomic}
   size_t MinHeapSize                              = 8388608                                   {product} {ergonomic}
    uintx NonProfiledCodeHeapSize                  = 0                                      {pd product} {ergonomic}
     bool ProfileInterpreter                       = false                                  {pd product} {command line}
    uintx ProfiledCodeHeapSize                     = 0                                      {pd product} {ergonomic}
   size_t SoftMaxHeapSize                          = 8556380160                             {manageable} {ergonomic}
     intx TieredStopAtLevel                        = 1                                         {product} {command line}
     bool UseCompressedClassPointers               = true                           {product lp64_product} {ergonomic}
     bool UseCompressedOops                        = true                           {product lp64_product} {ergonomic}
     bool UseG1GC                                  = true                                      {product} {ergonomic}
     bool UseLargePagesIndividualAllocation        = false                                  {pd product} {ergonomic}

Logging:
Log output configuration:
 #0: stdout all=warning uptime,level,tags
 #1: stderr all=off uptime,level,tags

Environment Variables:
JAVA_HOME=C:\Users\morning\.jdks\corretto-19.0.2
PATH=C:\Python313\Scripts\;C:\Python313\;C:\tools;C:\Program Files\Common Files\Oracle\Java\javapath;C:\Windows\system32;C:\Windows;C:\Windows\System32\Wbem;C:\Windows\System32\WindowsPowerShell\v1.0\;C:\Windows\System32\OpenSSH\;C:\Program Files (x86)\NVIDIA Corporation\PhysX\Common;C:\Program Files\Microsoft SQL Server\150\Tools\Binn\;C:\Program Files\Git\cmd;C:\Program Files\dotnet\;C:\Program Files\maven\apache-maven-3.9.9\bin;C:\Users\morning\.jdks\corretto-19.0.2\bin;C:\Program Files\Docker\Docker\resources\bin;D:\Gradle\gradle-8.1.1\bin;C:\Users\morning\.jdks\corretto-19.0.2;C:\Program Files\Kubernetes\Minikube;C:\ProgramData\chocolatey\bin;C:\Program Files\nodejs\;C:\Program Files\OpenSSL\bin;C:\tools;C:\Users\Profit77\AppData\Local\Programs\Python\Python310\Scripts\;C:\Users\Profit77\AppData\Local\Programs\Python\Python310\;C:\Users\morning\AppData\Local\Microsoft\WindowsApps;C:\Users\morning\.dotnet\tools;D:\IDE\IntelliJ IDEA Community Edition 2022.2.1\bin;;C:\Users\morning\AppData\Local\Programs\Microsoft VS Code\bin;C:\Program Files\JetBrains\PyCharm Community Edition 2022.2.4\bin;;C:\Program Files\JetBrains\IntelliJ IDEA 2024.1.4\bin;;D:\IDE\WebStorm 2023.2.2\bin;;C:\Program Files\maven\apache-maven-3.9.9\bin;C:\Users\morning\AppData\Local\Microsoft\WinGet\Packages\Schniz.fnm_Microsoft.Winget.Source_8wekyb3d8bbwe;C:\Users\morning\AppData\Roaming\npm;C:\Users\morning\AppData\Local\Microsoft\WinGet\Links;
USERNAME=morning
OS=Windows_NT
PROCESSOR_IDENTIFIER=Intel64 Family 6 Model 167 Stepping 1, GenuineIntel
TMP=C:\Users\morning\AppData\Local\Temp
TEMP=C:\Users\morning\AppData\Local\Temp



---------------  S Y S T E M  ---------------

OS:
 Windows 10 , 64 bit Build 19041 (10.0.19041.5794)
OS uptime: 1 days 17:59 hours
Hyper-V role detected

CPU: total 12 (initial active 12) (6 cores per cpu, 2 threads per core) family 6 model 167 stepping 1 microcode 0x40, cx8, cmov, fxsr, ht, mmx, 3dnowpref, sse, sse2, sse3, ssse3, sse4.1, sse4.2, popcnt, lzcnt, tsc, tscinvbit, avx, avx2, aes, erms, clmul, bmi1, bmi2, adx, avx512f, avx512dq, avx512cd, avx512bw, avx512vl, sha, fma, vzeroupper, avx512_vpopcntdq, avx512_vpclmulqdq, avx512_vaes, avx512_vnni, clflush, clflushopt, avx512_vbmi2, avx512_vbmi, hv
Processor Information for all 12 processors :
  Max Mhz: 2592, Current Mhz: 2592, Mhz Limit: 2592

Memory: 4k page, system-wide physical 32635M (11333M free)
TotalPageFile size 35562M (AvailPageFile size 21M)
current process WorkingSet (physical memory assigned to process): 56M, peak: 56M
current process commit charge ("private bytes"): 619M, peak: 619M

vm_info: OpenJDK 64-Bit Server VM (17.0.8.1+8-LTS) for windows-amd64 JRE (17.0.8.1+8-LTS), built on Aug 19 2023 03:47:39 by "Administrator" with MS VC++ 15.9 (VS2017)

END.
