#
# There is insufficient memory for the Java Runtime Environment to continue.
# Native memory allocation (mmap) failed to map 536870912 bytes for G1 virtual space
# Possible reasons:
#   The system is out of physical RAM or swap space
#   The process is running with CompressedOops enabled, and the Java Heap may be blocking the growth of the native heap
# Possible solutions:
#   Reduce memory load on the system
#   Increase physical memory or swap space
#   Check if swap backing store is full
#   Decrease Java heap size (-Xmx/-Xms)
#   Decrease number of Java threads
#   Decrease Java thread stack sizes (-Xss)
#   Set larger code cache with -XX:ReservedCodeCacheSize=
#   JVM is running with Zero Based Compressed Oops mode in which the Java heap is
#     placed in the first 32GB address space. The Java Heap base address is the
#     maximum limit for the native heap growth. Please use -XX:HeapBaseMinAddress
#     to set the Java Heap base and to place the Java Heap above 32GB virtual address.
# This output file may be truncated or incomplete.
#
#  Out of Memory Error (os_windows.cpp:3617), pid=22340, tid=19864
#
# JRE version:  (17.0.8.1+8) (build )
# Java VM: OpenJDK 64-Bit Server VM (17.0.8.1+8-LTS, mixed mode, emulated-client, sharing, tiered, compressed oops, compressed class ptrs, g1 gc, windows-amd64)
# No core dump will be written. Minidumps are not enabled by default on client versions of Windows
#

---------------  S U M M A R Y ------------

Command Line: -agentlib:jdwp=transport=dt_socket,address=127.0.0.1:49816,suspend=y,server=n -XX:TieredStopAtLevel=1 -Dspring.output.ansi.enabled=always -Dcom.sun.management.jmxremote -Dspring.jmx.enabled=true -Dspring.liveBeansView.mbeanDomain -Dspring.application.admin.enabled=true -Dmanagement.endpoints.jmx.exposure.include=* -javaagent:C:\Users\morning\AppData\Local\JetBrains\IntelliJIdea2024.1\captureAgent\debugger-agent.jar=file:/C:/Users/morning/AppData/Local/Temp/capture.props -Dfile.encoding=UTF-8 com.morning.taskapimain.TaskApiMainApplication

Host: 11th Gen Intel(R) Core(TM) i5-11400F @ 2.60GHz, 12 cores, 31G,  Windows 10 , 64 bit Build 19041 (10.0.19041.5794)
Time: Tue Jun  3 17:23:38 2025 RTZ 2 (s 10 , 64 bit Build 19041 (10.0.19041.5794) elapsed time: 0.030086 seconds (0d 0h 0m 0s)

---------------  T H R E A D  ---------------

Current thread (0x000001a369de2f80):  JavaThread "Unknown thread" [_thread_in_vm, id=19864, stack(0x0000007d94500000,0x0000007d94600000)]

Stack: [0x0000007d94500000,0x0000007d94600000]
Native frames: (J=compiled Java code, j=interpreted, Vv=VM code, C=native code)
V  [jvm.dll+0x64c9da]
V  [jvm.dll+0x800834]
V  [jvm.dll+0x801fee]
V  [jvm.dll+0x802643]
V  [jvm.dll+0x23715b]
V  [jvm.dll+0x64977a]
V  [jvm.dll+0x63e1ca]
V  [jvm.dll+0x2f5e99]
V  [jvm.dll+0x2fd096]
V  [jvm.dll+0x349b7a]
V  [jvm.dll+0x349dbf]
V  [jvm.dll+0x2cc0d8]
V  [jvm.dll+0x2cd069]
V  [jvm.dll+0x7d4491]
V  [jvm.dll+0x357051]
V  [jvm.dll+0x7b485e]
V  [jvm.dll+0x3d45f3]
V  [jvm.dll+0x3d6041]
C  [jli.dll+0x51bf]
C  [ucrtbase.dll+0x21bb2]
C  [KERNEL32.DLL+0x17374]
C  [ntdll.dll+0x4cc91]


---------------  P R O C E S S  ---------------

Threads class SMR info:
_java_thread_list=0x00007ff930bbf898, length=0, elements={
}

Java Threads: ( => current thread )

Other Threads:
  0x000001a37fb70d10 GCTaskThread "GC Thread#0" [stack: 0x0000007d94600000,0x0000007d94700000] [id=8852]
  0x000001a369e5ee80 ConcurrentGCThread "G1 Main Marker" [stack: 0x0000007d94700000,0x0000007d94800000] [id=17180]
  0x000001a369e61040 ConcurrentGCThread "G1 Conc#0" [stack: 0x0000007d94800000,0x0000007d94900000] [id=14732]

[error occurred during error reporting (printing all threads), id 0xc0000005, EXCEPTION_ACCESS_VIOLATION (0xc0000005) at pc=0x00007ff9303ad377]

VM state: not at safepoint (not fully initialized)

VM Mutex/Monitor currently owned by a thread:  ([mutex/lock_event])
[0x000001a369ddf3f0] Heap_lock - owner thread: 0x000001a369de2f80

Heap address: 0x0000000602000000, size: 8160 MB, Compressed Oops mode: Zero based, Oop shift amount: 3

CDS archive(s) mapped at: [0x0000000000000000-0x0000000000000000-0x0000000000000000), size 0, SharedBaseAddress: 0x0000000800000000, ArchiveRelocationMode: 1.
Narrow klass base: 0x0000000000000000, Narrow klass shift: 0, Narrow klass range: 0x0

GC Precious Log:
<Empty>

Heap:
 garbage-first heap   total 0K, used 0K [0x0000000602000000, 0x0000000800000000)
  region size 4096K, 0 young (0K), 0 survivors (0K)

[error occurred during error reporting (printing heap information), id 0xc0000005, EXCEPTION_ACCESS_VIOLATION (0xc0000005) at pc=0x00007ff930774bd9]

GC Heap History (0 events):
No events

Dll operation events (2 events):
Event: 0.005 Loaded shared library C:\Users\morning\.jdks\corretto-17.0.8.1\bin\java.dll
Event: 0.006 Loaded shared library C:\Users\morning\.jdks\corretto-17.0.8.1\bin\zip.dll

Deoptimization events (0 events):
No events

Classes unloaded (0 events):
No events

Classes redefined (0 events):
No events

Internal exceptions (0 events):
No events

VM Operations (0 events):
No events

Events (0 events):
No events


Dynamic libraries:
0x00007ff6ea6d0000 - 0x00007ff6ea6dd000 	C:\Users\morning\.jdks\corretto-17.0.8.1\bin\java.exe
0x00007ff9ab9f0000 - 0x00007ff9abbe8000 	C:\Windows\SYSTEM32\ntdll.dll
0x00007ff9a9c60000 - 0x00007ff9a9d22000 	C:\Windows\System32\KERNEL32.DLL
0x00007ff9a9430000 - 0x00007ff9a9726000 	C:\Windows\System32\KERNELBASE.dll
0x00007ff9a9730000 - 0x00007ff9a9830000 	C:\Windows\System32\ucrtbase.dll
0x00007ff9934e0000 - 0x00007ff9934f7000 	C:\Users\morning\.jdks\corretto-17.0.8.1\bin\jli.dll
0x00007ff993500000 - 0x00007ff993515000 	C:\Users\morning\.jdks\corretto-17.0.8.1\bin\VCRUNTIME140.dll
0x00007ff9a9a20000 - 0x00007ff9a9bbd000 	C:\Windows\System32\USER32.dll
0x00007ff9a98e0000 - 0x00007ff9a9902000 	C:\Windows\System32\win32u.dll
0x00007ff9956e0000 - 0x00007ff99597a000 	C:\Windows\WinSxS\amd64_microsoft.windows.common-controls_6595b64144ccf1df_6.0.19041.5794_none_60bcd33171f2783c\COMCTL32.dll
0x00007ff9ab980000 - 0x00007ff9ab9ab000 	C:\Windows\System32\GDI32.dll
0x00007ff9a9d50000 - 0x00007ff9a9dee000 	C:\Windows\System32\msvcrt.dll
0x00007ff9a91b0000 - 0x00007ff9a92ca000 	C:\Windows\System32\gdi32full.dll
0x00007ff9a9110000 - 0x00007ff9a91ad000 	C:\Windows\System32\msvcp_win.dll
0x00007ff9ab830000 - 0x00007ff9ab85f000 	C:\Windows\System32\IMM32.DLL
0x00007ff97f160000 - 0x00007ff97f1fb000 	C:\Users\morning\.jdks\corretto-17.0.8.1\bin\msvcp140.dll
0x00007ff9300d0000 - 0x00007ff930ced000 	C:\Users\morning\.jdks\corretto-17.0.8.1\bin\server\jvm.dll
0x00007ff9aa980000 - 0x00007ff9aaa2f000 	C:\Windows\System32\ADVAPI32.dll
0x00007ff9ab8e0000 - 0x00007ff9ab97f000 	C:\Windows\System32\sechost.dll
0x00007ff9ab070000 - 0x00007ff9ab193000 	C:\Windows\System32\RPCRT4.dll
0x00007ff9a9910000 - 0x00007ff9a9937000 	C:\Windows\System32\bcrypt.dll
0x00007ff98d2d0000 - 0x00007ff98d2d9000 	C:\Windows\SYSTEM32\WSOCK32.dll
0x00007ff9a8b10000 - 0x00007ff9a8b5b000 	C:\Windows\SYSTEM32\POWRPROF.dll
0x00007ff9ab7c0000 - 0x00007ff9ab82b000 	C:\Windows\System32\WS2_32.dll
0x00007ff9a1a50000 - 0x00007ff9a1a77000 	C:\Windows\SYSTEM32\WINMM.dll
0x00007ff9a33e0000 - 0x00007ff9a33ea000 	C:\Windows\SYSTEM32\VERSION.dll
0x00007ff9a8ac0000 - 0x00007ff9a8ad2000 	C:\Windows\SYSTEM32\UMPDC.dll
0x00007ff9a6ef0000 - 0x00007ff9a6f02000 	C:\Windows\SYSTEM32\kernel.appcore.dll
0x00007ff9a5d90000 - 0x00007ff9a5d9a000 	C:\Users\morning\.jdks\corretto-17.0.8.1\bin\jimage.dll
0x00007ff9a0460000 - 0x00007ff9a0661000 	C:\Windows\SYSTEM32\DBGHELP.DLL
0x00007ff990730000 - 0x00007ff990764000 	C:\Windows\SYSTEM32\dbgcore.DLL
0x00007ff9a9990000 - 0x00007ff9a9a12000 	C:\Windows\System32\bcryptPrimitives.dll
0x00007ff97ed80000 - 0x00007ff97edb9000 	C:\Users\morning\.jdks\corretto-17.0.8.1\bin\jdwp.dll
0x00007ff99b5e0000 - 0x00007ff99b5ee000 	C:\Users\morning\.jdks\corretto-17.0.8.1\bin\instrument.dll
0x00007ff98f470000 - 0x00007ff98f495000 	C:\Users\morning\.jdks\corretto-17.0.8.1\bin\java.dll
0x00007ff9934a0000 - 0x00007ff9934b8000 	C:\Users\morning\.jdks\corretto-17.0.8.1\bin\zip.dll

dbghelp: loaded successfully - version: 4.0.5 - missing functions: none
symbol engine: initialized successfully - sym options: 0x614 - pdb path: .;C:\Users\morning\.jdks\corretto-17.0.8.1\bin;C:\Windows\SYSTEM32;C:\Windows\WinSxS\amd64_microsoft.windows.common-controls_6595b64144ccf1df_6.0.19041.5794_none_60bcd33171f2783c;C:\Users\morning\.jdks\corretto-17.0.8.1\bin\server

VM Arguments:
jvm_args: -agentlib:jdwp=transport=dt_socket,address=127.0.0.1:49816,suspend=y,server=n -XX:TieredStopAtLevel=1 -Dspring.output.ansi.enabled=always -Dcom.sun.management.jmxremote -Dspring.jmx.enabled=true -Dspring.liveBeansView.mbeanDomain -Dspring.application.admin.enabled=true -Dmanagement.endpoints.jmx.exposure.include=* -javaagent:C:\Users\morning\AppData\Local\JetBrains\IntelliJIdea2024.1\captureAgent\debugger-agent.jar=file:/C:/Users/morning/AppData/Local/Temp/capture.props -Dfile.encoding=UTF-8 
java_command: com.morning.taskapimain.TaskApiMainApplication
java_class_path (initial): D:\MySpace\task-tracker\task-tracker\task-api-main\build\classes\java\main;D:\MySpace\task-tracker\task-tracker\task-api-main\build\resources\main;C:\Users\morning\.gradle\caches\modules-2\files-2.1\org.projectlombok\lombok\1.18.30\f195ee86e6c896ea47a1d39defbe20eb59cd149d\lombok-1.18.30.jar;C:\Users\morning\.gradle\caches\modules-2\files-2.1\org.jfree\jfreechart\1.5.4\9a5edddb05a3ca4fbc0628c594e6641a6f36a3b4\jfreechart-1.5.4.jar;C:\Users\morning\.gradle\caches\modules-2\files-2.1\com.twelvemonkeys.imageio\imageio-core\3.9.4\e33aabf2d21a2f66817a258abfcd9f5b1e898117\imageio-core-3.9.4.jar;C:\Users\morning\.gradle\caches\modules-2\files-2.1\org.springframework.boot\spring-boot-starter-webflux\3.2.1\76a60825d60a58085ed2b5924af7f2c9b78a855a\spring-boot-starter-webflux-3.2.1.jar;C:\Users\morning\.gradle\caches\modules-2\files-2.1\org.springframework.session\spring-session-core\3.2.1\417add3d75616b4693dfa125d2b34a6650138ecb\spring-session-core-3.2.1.jar;C:\Users\morning\.gradle\caches\modules-2\files-2.1\org.springframework.boot\spring-boot-starter-data-r2dbc\3.2.1\46194038d16a8a3432a74729aece310f5665bcb6\spring-boot-starter-data-r2dbc-3.2.1.jar;C:\Users\morning\.gradle\caches\modules-2\files-2.1\org.springframework.cloud\spring-cloud-starter-netflix-eureka-client\4.1.0\66077e7c4198db4c351391dd2e96399cff857f47\spring-cloud-starter-netflix-eureka-client-4.1.0.jar;C:\Users\morning\.gradle\caches\modules-2\files-2.1\org.postgresql\r2dbc-postgresql\1.0.7.RELEASE\d6283b1fda43ef0078c7a3cd5db0fed5b0b5ac8c\r2dbc-postgresql-1.0.7.RELEASE.jar;C:\Users\morning\.gradle\caches\modules-2\files-2.1\org.flywaydb\flyway-core\9.17.0\be603e51d61b58cfd5b958f8cf126301dec3139e\flyway-core-9.17.0.jar;C:\Users\morning\.gradle\caches\modules-2\files-2.1\com.google.code.gson\gson\2.11.0\527175ca6d81050b53bdd4c457a6d6e017626b0e\gson-2.11.0.jar;C:\Users\morning\.gradle\caches\modules-2\files-2.1\org.postgresql\postgresql\42.7.2\86ed42574cd68662b05d3b00432a34e9a34cb12c\pos
Launcher Type: SUN_STANDARD

[Global flags]
     intx CICompilerCount                          = 4                                         {product} {ergonomic}
     uint ConcGCThreads                            = 3                                         {product} {ergonomic}
     uint G1ConcRefinementThreads                  = 10                                        {product} {ergonomic}
   size_t G1HeapRegionSize                         = 4194304                                   {product} {ergonomic}
    uintx GCDrainStackTargetSize                   = 64                                        {product} {ergonomic}
   size_t InitialHeapSize                          = 536870912                                 {product} {ergonomic}
     bool ManagementServer                         = true                                      {product} {command line}
   size_t MarkStackSize                            = 4194304                                   {product} {ergonomic}
   size_t MaxHeapSize                              = 8556380160                                {product} {ergonomic}
   size_t MinHeapDeltaBytes                        = 4194304                                   {product} {ergonomic}
   size_t MinHeapSize                              = 8388608                                   {product} {ergonomic}
    uintx NonProfiledCodeHeapSize                  = 0                                      {pd product} {ergonomic}
     bool ProfileInterpreter                       = false                                  {pd product} {command line}
    uintx ProfiledCodeHeapSize                     = 0                                      {pd product} {ergonomic}
   size_t SoftMaxHeapSize                          = 8556380160                             {manageable} {ergonomic}
     intx TieredStopAtLevel                        = 1                                         {product} {command line}
     bool UseCompressedClassPointers               = true                           {product lp64_product} {ergonomic}
     bool UseCompressedOops                        = true                           {product lp64_product} {ergonomic}
     bool UseG1GC                                  = true                                      {product} {ergonomic}
     bool UseLargePagesIndividualAllocation        = false                                  {pd product} {ergonomic}

Logging:
Log output configuration:
 #0: stdout all=warning uptime,level,tags
 #1: stderr all=off uptime,level,tags

Environment Variables:
JAVA_HOME=C:\Users\morning\.jdks\corretto-19.0.2
PATH=C:\Python313\Scripts\;C:\Python313\;C:\tools;C:\Program Files\Common Files\Oracle\Java\javapath;C:\Windows\system32;C:\Windows;C:\Windows\System32\Wbem;C:\Windows\System32\WindowsPowerShell\v1.0\;C:\Windows\System32\OpenSSH\;C:\Program Files (x86)\NVIDIA Corporation\PhysX\Common;C:\Program Files\Microsoft SQL Server\150\Tools\Binn\;C:\Program Files\Git\cmd;C:\Program Files\dotnet\;C:\Program Files\maven\apache-maven-3.9.9\bin;C:\Users\morning\.jdks\corretto-19.0.2\bin;C:\Program Files\Docker\Docker\resources\bin;D:\Gradle\gradle-8.1.1\bin;C:\Users\morning\.jdks\corretto-19.0.2;C:\Program Files\Kubernetes\Minikube;C:\ProgramData\chocolatey\bin;C:\Program Files\nodejs\;C:\Program Files\OpenSSL\bin;C:\tools;C:\Users\Profit77\AppData\Local\Programs\Python\Python310\Scripts\;C:\Users\Profit77\AppData\Local\Programs\Python\Python310\;C:\Users\morning\AppData\Local\Microsoft\WindowsApps;C:\Users\morning\.dotnet\tools;D:\IDE\IntelliJ IDEA Community Edition 2022.2.1\bin;;C:\Users\morning\AppData\Local\Programs\Microsoft VS Code\bin;C:\Program Files\JetBrains\PyCharm Community Edition 2022.2.4\bin;;C:\Program Files\JetBrains\IntelliJ IDEA 2024.1.4\bin;;D:\IDE\WebStorm 2023.2.2\bin;;C:\Program Files\maven\apache-maven-3.9.9\bin;C:\Users\morning\AppData\Local\Microsoft\WinGet\Packages\Schniz.fnm_Microsoft.Winget.Source_8wekyb3d8bbwe;C:\Users\morning\AppData\Roaming\npm;C:\Users\morning\AppData\Local\Microsoft\WinGet\Links;
USERNAME=morning
OS=Windows_NT
PROCESSOR_IDENTIFIER=Intel64 Family 6 Model 167 Stepping 1, GenuineIntel
TMP=C:\Users\morning\AppData\Local\Temp
TEMP=C:\Users\morning\AppData\Local\Temp



---------------  S Y S T E M  ---------------

OS:
 Windows 10 , 64 bit Build 19041 (10.0.19041.5794)
OS uptime: 1 days 17:59 hours
Hyper-V role detected

CPU: total 12 (initial active 12) (6 cores per cpu, 2 threads per core) family 6 model 167 stepping 1 microcode 0x40, cx8, cmov, fxsr, ht, mmx, 3dnowpref, sse, sse2, sse3, ssse3, sse4.1, sse4.2, popcnt, lzcnt, tsc, tscinvbit, avx, avx2, aes, erms, clmul, bmi1, bmi2, adx, avx512f, avx512dq, avx512cd, avx512bw, avx512vl, sha, fma, vzeroupper, avx512_vpopcntdq, avx512_vpclmulqdq, avx512_vaes, avx512_vnni, clflush, clflushopt, avx512_vbmi2, avx512_vbmi, hv
Processor Information for all 12 processors :
  Max Mhz: 2592, Current Mhz: 2592, Mhz Limit: 2592

Memory: 4k page, system-wide physical 32635M (10646M free)
TotalPageFile size 35562M (AvailPageFile size 144M)
current process WorkingSet (physical memory assigned to process): 11M, peak: 11M
current process commit charge ("private bytes"): 60M, peak: 572M

vm_info: OpenJDK 64-Bit Server VM (17.0.8.1+8-LTS) for windows-amd64 JRE (17.0.8.1+8-LTS), built on Aug 19 2023 03:47:39 by "Administrator" with MS VC++ 15.9 (VS2017)

END.
